2024-05-26 02:06:22.829  INFO 8084 --- [main] c.r.Courses.CoursesApplicationTests      : Starting CoursesApplicationTests using Java 22.0.1 on testpact with PID 8084 (started by mkhapali in C:\projects\Code+Projects\Code Projects\Courses)
2024-05-26 02:06:22.835  INFO 8084 --- [main] c.r.Courses.CoursesApplicationTests      : No active profile set, falling back to default profiles: default
2024-05-26 02:06:24.694  INFO 8084 --- [main] .s.d.r.c.RepositoryConfigurationDelegate : Bootstrapping Spring Data JPA repositories in DEFAULT mode.
2024-05-26 02:06:24.810  INFO 8084 --- [main] .s.d.r.c.RepositoryConfigurationDelegate : Finished Spring Data repository scanning in 98 ms. Found 1 JPA repository interfaces.
2024-05-26 02:06:26.249  INFO 8084 --- [main] o.hibernate.jpa.internal.util.LogHelper  : HHH000204: Processing PersistenceUnitInfo [name: default]
2024-05-26 02:06:26.349  INFO 8084 --- [main] org.hibernate.Version                    : HHH000412: Hibernate ORM core version 5.6.1.Final
2024-05-26 02:06:26.668  INFO 8084 --- [main] o.hibernate.annotations.common.Version   : HCANN000001: Hibernate Commons Annotations {5.1.2.Final}
2024-05-26 02:06:27.161  INFO 8084 --- [main] com.zaxxer.hikari.HikariDataSource       : HikariPool-1 - Starting...
2024-05-26 02:06:27.168  WARN 8084 --- [main] com.zaxxer.hikari.util.DriverDataSource  : Registered driver with driverClassName=com.mysql.jdbc.Driver was not found, trying direct instantiation.
2024-05-26 02:06:28.104  INFO 8084 --- [main] com.zaxxer.hikari.HikariDataSource       : HikariPool-1 - Start completed.
2024-05-26 02:06:28.138  INFO 8084 --- [main] org.hibernate.dialect.Dialect            : HHH000400: Using dialect: org.hibernate.dialect.MySQL5InnoDBDialect
2024-05-26 02:06:29.381  INFO 8084 --- [main] o.h.e.t.j.p.i.JtaPlatformInitiator       : HHH000490: Using JtaPlatform implementation: [org.hibernate.engine.transaction.jta.platform.internal.NoJtaPlatform]
2024-05-26 02:06:29.395  INFO 8084 --- [main] j.LocalContainerEntityManagerFactoryBean : Initialized JPA EntityManagerFactory for persistence unit 'default'
2024-05-26 02:06:30.456  WARN 8084 --- [main] JpaBaseConfiguration$JpaWebConfiguration : spring.jpa.open-in-view is enabled by default. Therefore, database queries may be performed during view rendering. Explicitly configure spring.jpa.open-in-view to disable this warning
2024-05-26 02:06:31.887  INFO 8084 --- [main] c.r.Courses.CoursesApplicationTests      : Started CoursesApplicationTests in 9.934 seconds (JVM running for 12.097)
2024-05-26 02:06:32.549  INFO 8084 --- [main] .b.t.c.SpringBootTestContextBootstrapper : Neither @ContextConfiguration nor @ContextHierarchy found for test class [com.rahulshettyacademy.Courses.PactProviderTest], using SpringBootContextLoader
2024-05-26 02:06:32.551  INFO 8084 --- [main] o.s.t.c.support.AbstractContextLoader    : Could not detect default resource locations for test class [com.rahulshettyacademy.Courses.PactProviderTest]: no resource found for suffixes {-context.xml, Context.groovy}.
2024-05-26 02:06:32.551  INFO 8084 --- [main] t.c.s.AnnotationConfigContextLoaderUtils : Could not detect default configuration classes for test class [com.rahulshettyacademy.Courses.PactProviderTest]: PactProviderTest does not declare any static, non-private, non-final, nested classes annotated with @Configuration.
2024-05-26 02:06:32.558  INFO 8084 --- [main] .b.t.c.SpringBootTestContextBootstrapper : Found @SpringBootConfiguration com.rahulshettyacademy.CoursesApplication for test class com.rahulshettyacademy.Courses.PactProviderTest
2024-05-26 02:06:32.561  INFO 8084 --- [main] .b.t.c.SpringBootTestContextBootstrapper : Loaded default TestExecutionListener class names from location [META-INF/spring.factories]: [org.springframework.boot.test.mock.mockito.MockitoTestExecutionListener, org.springframework.boot.test.mock.mockito.ResetMocksTestExecutionListener, org.springframework.boot.test.autoconfigure.restdocs.RestDocsTestExecutionListener, org.springframework.boot.test.autoconfigure.web.client.MockRestServiceServerResetTestExecutionListener, org.springframework.boot.test.autoconfigure.web.servlet.MockMvcPrintOnlyOnFailureTestExecutionListener, org.springframework.boot.test.autoconfigure.web.servlet.WebDriverTestExecutionListener, org.springframework.boot.test.autoconfigure.webservices.client.MockWebServiceServerTestExecutionListener, org.springframework.test.context.web.ServletTestExecutionListener, org.springframework.test.context.support.DirtiesContextBeforeModesTestExecutionListener, org.springframework.test.context.event.ApplicationEventsTestExecutionListener, org.springframework.test.context.support.DependencyInjectionTestExecutionListener, org.springframework.test.context.support.DirtiesContextTestExecutionListener, org.springframework.test.context.transaction.TransactionalTestExecutionListener, org.springframework.test.context.jdbc.SqlScriptsTestExecutionListener, org.springframework.test.context.event.EventPublishingTestExecutionListener]
2024-05-26 02:06:32.562  INFO 8084 --- [main] .b.t.c.SpringBootTestContextBootstrapper : Using TestExecutionListeners: [org.springframework.test.context.web.ServletTestExecutionListener@1a67bde5, org.springframework.test.context.support.DirtiesContextBeforeModesTestExecutionListener@5c648e38, org.springframework.test.context.event.ApplicationEventsTestExecutionListener@6bc8d8bd, org.springframework.boot.test.mock.mockito.MockitoTestExecutionListener@395c21ee, org.springframework.boot.test.autoconfigure.SpringBootDependencyInjectionTestExecutionListener@1e733bb5, org.springframework.test.context.support.DirtiesContextTestExecutionListener@669e730d, org.springframework.test.context.transaction.TransactionalTestExecutionListener@4b3e4253, org.springframework.test.context.jdbc.SqlScriptsTestExecutionListener@13b5598b, org.springframework.test.context.event.EventPublishingTestExecutionListener@141c66db, org.springframework.boot.test.mock.mockito.ResetMocksTestExecutionListener@18f794e, org.springframework.boot.test.autoconfigure.restdocs.RestDocsTestExecutionListener@389a9ff6, org.springframework.boot.test.autoconfigure.web.client.MockRestServiceServerResetTestExecutionListener@15af06f, org.springframework.boot.test.autoconfigure.web.servlet.MockMvcPrintOnlyOnFailureTestExecutionListener@76876421, org.springframework.boot.test.autoconfigure.web.servlet.WebDriverTestExecutionListener@c3836b6, org.springframework.boot.test.autoconfigure.webservices.client.MockWebServiceServerTestExecutionListener@60317de8]
2024-05-26 02:06:33.733  INFO 8084 --- [SpringApplicationShutdownHook] j.LocalContainerEntityManagerFactoryBean : Closing JPA EntityManagerFactory for persistence unit 'default'
2024-05-26 02:06:33.736  INFO 8084 --- [SpringApplicationShutdownHook] com.zaxxer.hikari.HikariDataSource       : HikariPool-1 - Shutdown initiated...
2024-05-26 02:06:33.770  INFO 8084 --- [SpringApplicationShutdownHook] com.zaxxer.hikari.HikariDataSource       : HikariPool-1 - Shutdown completed.
2024-05-26 02:07:31.493  INFO 6184 --- [main] c.r.Courses.CoursesApplicationTests      : Starting CoursesApplicationTests using Java 22.0.1 on testpact with PID 6184 (started by mkhapali in C:\projects\Code+Projects\Code Projects\Courses)
2024-05-26 02:07:31.498  INFO 6184 --- [main] c.r.Courses.CoursesApplicationTests      : No active profile set, falling back to default profiles: default
2024-05-26 02:07:33.460  INFO 6184 --- [main] .s.d.r.c.RepositoryConfigurationDelegate : Bootstrapping Spring Data JPA repositories in DEFAULT mode.
2024-05-26 02:07:33.548  INFO 6184 --- [main] .s.d.r.c.RepositoryConfigurationDelegate : Finished Spring Data repository scanning in 76 ms. Found 1 JPA repository interfaces.
2024-05-26 02:07:34.923  INFO 6184 --- [main] o.hibernate.jpa.internal.util.LogHelper  : HHH000204: Processing PersistenceUnitInfo [name: default]
2024-05-26 02:07:35.054  INFO 6184 --- [main] org.hibernate.Version                    : HHH000412: Hibernate ORM core version 5.6.1.Final
2024-05-26 02:07:35.306  INFO 6184 --- [main] o.hibernate.annotations.common.Version   : HCANN000001: Hibernate Commons Annotations {5.1.2.Final}
2024-05-26 02:07:35.643  INFO 6184 --- [main] com.zaxxer.hikari.HikariDataSource       : HikariPool-1 - Starting...
2024-05-26 02:07:35.651  WARN 6184 --- [main] com.zaxxer.hikari.util.DriverDataSource  : Registered driver with driverClassName=com.mysql.jdbc.Driver was not found, trying direct instantiation.
2024-05-26 02:07:36.493  INFO 6184 --- [main] com.zaxxer.hikari.HikariDataSource       : HikariPool-1 - Start completed.
2024-05-26 02:07:36.531  INFO 6184 --- [main] org.hibernate.dialect.Dialect            : HHH000400: Using dialect: org.hibernate.dialect.MySQL5InnoDBDialect
2024-05-26 02:07:37.899  INFO 6184 --- [main] o.h.e.t.j.p.i.JtaPlatformInitiator       : HHH000490: Using JtaPlatform implementation: [org.hibernate.engine.transaction.jta.platform.internal.NoJtaPlatform]
2024-05-26 02:07:37.916  INFO 6184 --- [main] j.LocalContainerEntityManagerFactoryBean : Initialized JPA EntityManagerFactory for persistence unit 'default'
2024-05-26 02:07:39.240  WARN 6184 --- [main] JpaBaseConfiguration$JpaWebConfiguration : spring.jpa.open-in-view is enabled by default. Therefore, database queries may be performed during view rendering. Explicitly configure spring.jpa.open-in-view to disable this warning
2024-05-26 02:07:40.713  INFO 6184 --- [main] c.r.Courses.CoursesApplicationTests      : Started CoursesApplicationTests in 10.07 seconds (JVM running for 12.293)
2024-05-26 02:07:41.372  INFO 6184 --- [SpringApplicationShutdownHook] j.LocalContainerEntityManagerFactoryBean : Closing JPA EntityManagerFactory for persistence unit 'default'
2024-05-26 02:07:41.376  INFO 6184 --- [SpringApplicationShutdownHook] com.zaxxer.hikari.HikariDataSource       : HikariPool-1 - Shutdown initiated...
2024-05-26 02:07:41.418  INFO 6184 --- [SpringApplicationShutdownHook] com.zaxxer.hikari.HikariDataSource       : HikariPool-1 - Shutdown completed.
2024-05-26 02:09:27.678  INFO 6916 --- [main] c.rahulshettyacademy.CoursesApplication  : Starting CoursesApplication using Java 22.0.1 on testpact with PID 6916 (C:\projects\Code+Projects\Code Projects\Courses\target\classes started by mkhapali in C:\projects\Code+Projects\Code Projects\Courses)
2024-05-26 02:09:27.682  INFO 6916 --- [main] c.rahulshettyacademy.CoursesApplication  : No active profile set, falling back to default profiles: default
2024-05-26 02:09:28.766  INFO 6916 --- [main] .s.d.r.c.RepositoryConfigurationDelegate : Bootstrapping Spring Data JPA repositories in DEFAULT mode.
2024-05-26 02:09:28.832  INFO 6916 --- [main] .s.d.r.c.RepositoryConfigurationDelegate : Finished Spring Data repository scanning in 54 ms. Found 1 JPA repository interfaces.
2024-05-26 02:09:29.408  INFO 6916 --- [main] o.s.b.w.embedded.tomcat.TomcatWebServer  : Tomcat initialized with port(s): 8181 (http)
2024-05-26 02:09:29.421  INFO 6916 --- [main] o.apache.catalina.core.StandardService   : Starting service [Tomcat]
2024-05-26 02:09:29.421  INFO 6916 --- [main] org.apache.catalina.core.StandardEngine  : Starting Servlet engine: [Apache Tomcat/9.0.55]
2024-05-26 02:09:29.612  INFO 6916 --- [main] o.a.c.c.C.[Tomcat].[localhost].[/]       : Initializing Spring embedded WebApplicationContext
2024-05-26 02:09:29.614  INFO 6916 --- [main] w.s.c.ServletWebServerApplicationContext : Root WebApplicationContext: initialization completed in 1546 ms
2024-05-26 02:09:29.855  INFO 6916 --- [main] o.hibernate.jpa.internal.util.LogHelper  : HHH000204: Processing PersistenceUnitInfo [name: default]
2024-05-26 02:09:29.918  INFO 6916 --- [main] org.hibernate.Version                    : HHH000412: Hibernate ORM core version 5.6.1.Final
2024-05-26 02:09:30.100  INFO 6916 --- [main] o.hibernate.annotations.common.Version   : HCANN000001: Hibernate Commons Annotations {5.1.2.Final}
2024-05-26 02:09:30.288  INFO 6916 --- [main] com.zaxxer.hikari.HikariDataSource       : HikariPool-1 - Starting...
2024-05-26 02:09:30.297  WARN 6916 --- [main] com.zaxxer.hikari.util.DriverDataSource  : Registered driver with driverClassName=com.mysql.jdbc.Driver was not found, trying direct instantiation.
2024-05-26 02:09:30.768  INFO 6916 --- [main] com.zaxxer.hikari.HikariDataSource       : HikariPool-1 - Start completed.
2024-05-26 02:09:30.794  INFO 6916 --- [main] org.hibernate.dialect.Dialect            : HHH000400: Using dialect: org.hibernate.dialect.MySQL5InnoDBDialect
2024-05-26 02:09:31.604  INFO 6916 --- [main] o.h.e.t.j.p.i.JtaPlatformInitiator       : HHH000490: Using JtaPlatform implementation: [org.hibernate.engine.transaction.jta.platform.internal.NoJtaPlatform]
2024-05-26 02:09:31.616  INFO 6916 --- [main] j.LocalContainerEntityManagerFactoryBean : Initialized JPA EntityManagerFactory for persistence unit 'default'
2024-05-26 02:09:31.970  WARN 6916 --- [main] JpaBaseConfiguration$JpaWebConfiguration : spring.jpa.open-in-view is enabled by default. Therefore, database queries may be performed during view rendering. Explicitly configure spring.jpa.open-in-view to disable this warning
2024-05-26 02:09:32.381  INFO 6916 --- [main] o.s.b.w.embedded.tomcat.TomcatWebServer  : Tomcat started on port(s): 8181 (http) with context path ''
2024-05-26 02:09:32.392  INFO 6916 --- [main] c.rahulshettyacademy.CoursesApplication  : Started CoursesApplication in 5.235 seconds (JVM running for 6.362)
2024-05-26 02:09:41.934  INFO 6916 --- [http-nio-8181-exec-1] o.a.c.c.C.[Tomcat].[localhost].[/]       : Initializing Spring DispatcherServlet 'dispatcherServlet'
2024-05-26 02:09:41.935  INFO 6916 --- [http-nio-8181-exec-1] o.s.web.servlet.DispatcherServlet        : Initializing Servlet 'dispatcherServlet'
2024-05-26 02:09:41.936  INFO 6916 --- [http-nio-8181-exec-1] o.s.web.servlet.DispatcherServlet        : Completed initialization in 1 ms
2024-05-26 02:09:56.144  INFO 6916 --- [RMI TCP Connection(2)-127.0.0.1] inMXBeanRegistrar$SpringApplicationAdmin : Application shutdown requested.
2024-05-26 02:09:56.160  INFO 6916 --- [RMI TCP Connection(2)-127.0.0.1] j.LocalContainerEntityManagerFactoryBean : Closing JPA EntityManagerFactory for persistence unit 'default'
2024-05-26 02:09:56.163  INFO 6916 --- [RMI TCP Connection(2)-127.0.0.1] com.zaxxer.hikari.HikariDataSource       : HikariPool-1 - Shutdown initiated...
2024-05-26 02:09:56.182  INFO 6916 --- [RMI TCP Connection(2)-127.0.0.1] com.zaxxer.hikari.HikariDataSource       : HikariPool-1 - Shutdown completed.
2024-05-26 02:14:06.821  INFO 8164 --- [main] c.rahulshettyacademy.CoursesApplication  : Starting CoursesApplication using Java 22.0.1 on testpact with PID 8164 (C:\projects\Code+Projects\Code Projects\Courses\target\classes started by mkhapali in C:\projects\Code+Projects\Code Projects\Courses)
2024-05-26 02:14:06.824  INFO 8164 --- [main] c.rahulshettyacademy.CoursesApplication  : No active profile set, falling back to default profiles: default
2024-05-26 02:14:07.930  INFO 8164 --- [main] .s.d.r.c.RepositoryConfigurationDelegate : Bootstrapping Spring Data JPA repositories in DEFAULT mode.
2024-05-26 02:14:08.011  INFO 8164 --- [main] .s.d.r.c.RepositoryConfigurationDelegate : Finished Spring Data repository scanning in 67 ms. Found 1 JPA repository interfaces.
2024-05-26 02:14:08.565  INFO 8164 --- [main] o.s.b.w.embedded.tomcat.TomcatWebServer  : Tomcat initialized with port(s): 8181 (http)
2024-05-26 02:14:08.599  INFO 8164 --- [main] o.apache.catalina.core.StandardService   : Starting service [Tomcat]
2024-05-26 02:14:08.600  INFO 8164 --- [main] org.apache.catalina.core.StandardEngine  : Starting Servlet engine: [Apache Tomcat/9.0.55]
2024-05-26 02:14:08.791  INFO 8164 --- [main] o.a.c.c.C.[Tomcat].[localhost].[/]       : Initializing Spring embedded WebApplicationContext
2024-05-26 02:14:08.792  INFO 8164 --- [main] w.s.c.ServletWebServerApplicationContext : Root WebApplicationContext: initialization completed in 1572 ms
2024-05-26 02:14:09.005  INFO 8164 --- [main] o.hibernate.jpa.internal.util.LogHelper  : HHH000204: Processing PersistenceUnitInfo [name: default]
2024-05-26 02:14:09.069  INFO 8164 --- [main] org.hibernate.Version                    : HHH000412: Hibernate ORM core version 5.6.1.Final
2024-05-26 02:14:09.280  INFO 8164 --- [main] o.hibernate.annotations.common.Version   : HCANN000001: Hibernate Commons Annotations {5.1.2.Final}
2024-05-26 02:14:09.458  INFO 8164 --- [main] com.zaxxer.hikari.HikariDataSource       : HikariPool-1 - Starting...
2024-05-26 02:14:09.465  WARN 8164 --- [main] com.zaxxer.hikari.util.DriverDataSource  : Registered driver with driverClassName=com.mysql.jdbc.Driver was not found, trying direct instantiation.
2024-05-26 02:14:09.928  INFO 8164 --- [main] com.zaxxer.hikari.HikariDataSource       : HikariPool-1 - Start completed.
2024-05-26 02:14:09.952  INFO 8164 --- [main] org.hibernate.dialect.Dialect            : HHH000400: Using dialect: org.hibernate.dialect.MySQL5InnoDBDialect
2024-05-26 02:14:10.860  INFO 8164 --- [main] o.h.e.t.j.p.i.JtaPlatformInitiator       : HHH000490: Using JtaPlatform implementation: [org.hibernate.engine.transaction.jta.platform.internal.NoJtaPlatform]
2024-05-26 02:14:10.872  INFO 8164 --- [main] j.LocalContainerEntityManagerFactoryBean : Initialized JPA EntityManagerFactory for persistence unit 'default'
2024-05-26 02:14:11.212  WARN 8164 --- [main] JpaBaseConfiguration$JpaWebConfiguration : spring.jpa.open-in-view is enabled by default. Therefore, database queries may be performed during view rendering. Explicitly configure spring.jpa.open-in-view to disable this warning
2024-05-26 02:14:11.678  INFO 8164 --- [main] o.s.b.w.embedded.tomcat.TomcatWebServer  : Tomcat started on port(s): 8181 (http) with context path ''
2024-05-26 02:14:11.688  INFO 8164 --- [main] c.rahulshettyacademy.CoursesApplication  : Started CoursesApplication in 5.499 seconds (JVM running for 6.837)
2024-05-26 02:14:42.779  INFO 8164 --- [http-nio-8181-exec-1] o.a.c.c.C.[Tomcat].[localhost].[/]       : Initializing Spring DispatcherServlet 'dispatcherServlet'
2024-05-26 02:14:42.780  INFO 8164 --- [http-nio-8181-exec-1] o.s.web.servlet.DispatcherServlet        : Initializing Servlet 'dispatcherServlet'
2024-05-26 02:14:42.785  INFO 8164 --- [http-nio-8181-exec-1] o.s.web.servlet.DispatcherServlet        : Completed initialization in 4 ms
2024-05-26 02:15:09.615  WARN 8164 --- [http-nio-8181-exec-3] o.h.engine.jdbc.spi.SqlExceptionHelper   : SQL Error: 1054, SQLState: 42S22
2024-05-26 02:15:09.616 ERROR 8164 --- [http-nio-8181-exec-3] o.h.engine.jdbc.spi.SqlExceptionHelper   : Unknown column 'allcoursed0_.price' in 'field list'
2024-05-26 02:15:09.633 ERROR 8164 --- [http-nio-8181-exec-3] o.a.c.c.C.[.[.[/].[dispatcherServlet]    : Servlet.service() for servlet [dispatcherServlet] in context with path [] threw exception [Request processing failed; nested exception is org.springframework.dao.InvalidDataAccessResourceUsageException: could not extract ResultSet; SQL [n/a]; nested exception is org.hibernate.exception.SQLGrammarException: could not extract ResultSet] with root cause

java.sql.SQLSyntaxErrorException: Unknown column 'allcoursed0_.price' in 'field list'
	at com.mysql.cj.jdbc.exceptions.SQLError.createSQLException(SQLError.java:120) ~[mysql-connector-java-8.0.19.jar:8.0.19]
	at com.mysql.cj.jdbc.exceptions.SQLError.createSQLException(SQLError.java:97) ~[mysql-connector-java-8.0.19.jar:8.0.19]
	at com.mysql.cj.jdbc.exceptions.SQLExceptionsMapping.translateException(SQLExceptionsMapping.java:122) ~[mysql-connector-java-8.0.19.jar:8.0.19]
	at com.mysql.cj.jdbc.ClientPreparedStatement.executeInternal(ClientPreparedStatement.java:953) ~[mysql-connector-java-8.0.19.jar:8.0.19]
	at com.mysql.cj.jdbc.ClientPreparedStatement.executeQuery(ClientPreparedStatement.java:1003) ~[mysql-connector-java-8.0.19.jar:8.0.19]
	at com.zaxxer.hikari.pool.ProxyPreparedStatement.executeQuery(ProxyPreparedStatement.java:52) ~[HikariCP-4.0.3.jar:na]
	at com.zaxxer.hikari.pool.HikariProxyPreparedStatement.executeQuery(HikariProxyPreparedStatement.java) ~[HikariCP-4.0.3.jar:na]
	at org.hibernate.engine.jdbc.internal.ResultSetReturnImpl.extract(ResultSetReturnImpl.java:57) ~[hibernate-core-5.6.1.Final.jar:5.6.1.Final]
	at org.hibernate.loader.Loader.getResultSet(Loader.java:2322) ~[hibernate-core-5.6.1.Final.jar:5.6.1.Final]
	at org.hibernate.loader.Loader.executeQueryStatement(Loader.java:2075) ~[hibernate-core-5.6.1.Final.jar:5.6.1.Final]
	at org.hibernate.loader.Loader.executeQueryStatement(Loader.java:2037) ~[hibernate-core-5.6.1.Final.jar:5.6.1.Final]
	at org.hibernate.loader.Loader.doQuery(Loader.java:956) ~[hibernate-core-5.6.1.Final.jar:5.6.1.Final]
	at org.hibernate.loader.Loader.doQueryAndInitializeNonLazyCollections(Loader.java:357) ~[hibernate-core-5.6.1.Final.jar:5.6.1.Final]
	at org.hibernate.loader.Loader.doList(Loader.java:2868) ~[hibernate-core-5.6.1.Final.jar:5.6.1.Final]
	at org.hibernate.loader.Loader.doList(Loader.java:2850) ~[hibernate-core-5.6.1.Final.jar:5.6.1.Final]
	at org.hibernate.loader.Loader.listIgnoreQueryCache(Loader.java:2682) ~[hibernate-core-5.6.1.Final.jar:5.6.1.Final]
	at org.hibernate.loader.Loader.list(Loader.java:2677) ~[hibernate-core-5.6.1.Final.jar:5.6.1.Final]
	at org.hibernate.loader.hql.QueryLoader.list(QueryLoader.java:540) ~[hibernate-core-5.6.1.Final.jar:5.6.1.Final]
	at org.hibernate.hql.internal.ast.QueryTranslatorImpl.list(QueryTranslatorImpl.java:400) ~[hibernate-core-5.6.1.Final.jar:5.6.1.Final]
	at org.hibernate.engine.query.spi.HQLQueryPlan.performList(HQLQueryPlan.java:219) ~[hibernate-core-5.6.1.Final.jar:5.6.1.Final]
	at org.hibernate.internal.SessionImpl.list(SessionImpl.java:1468) ~[hibernate-core-5.6.1.Final.jar:5.6.1.Final]
	at org.hibernate.query.internal.AbstractProducedQuery.doList(AbstractProducedQuery.java:1649) ~[hibernate-core-5.6.1.Final.jar:5.6.1.Final]
	at org.hibernate.query.internal.AbstractProducedQuery.list(AbstractProducedQuery.java:1617) ~[hibernate-core-5.6.1.Final.jar:5.6.1.Final]
	at org.hibernate.query.Query.getResultList(Query.java:165) ~[hibernate-core-5.6.1.Final.jar:5.6.1.Final]
	at org.hibernate.query.criteria.internal.compile.CriteriaQueryTypeQueryAdapter.getResultList(CriteriaQueryTypeQueryAdapter.java:76) ~[hibernate-core-5.6.1.Final.jar:5.6.1.Final]
	at org.springframework.data.jpa.repository.support.SimpleJpaRepository.findAll(SimpleJpaRepository.java:399) ~[spring-data-jpa-2.6.0.jar:2.6.0]
	at org.springframework.data.jpa.repository.support.SimpleJpaRepository.findAll(SimpleJpaRepository.java:84) ~[spring-data-jpa-2.6.0.jar:2.6.0]
	at java.base/jdk.internal.reflect.DirectMethodHandleAccessor.invoke(DirectMethodHandleAccessor.java:103) ~[na:na]
	at java.base/java.lang.reflect.Method.invoke(Method.java:580) ~[na:na]
	at org.springframework.data.repository.core.support.RepositoryMethodInvoker$RepositoryFragmentMethodInvoker.lambda$new$0(RepositoryMethodInvoker.java:289) ~[spring-data-commons-2.6.0.jar:2.6.0]
	at org.springframework.data.repository.core.support.RepositoryMethodInvoker.doInvoke(RepositoryMethodInvoker.java:137) ~[spring-data-commons-2.6.0.jar:2.6.0]
	at org.springframework.data.repository.core.support.RepositoryMethodInvoker.invoke(RepositoryMethodInvoker.java:121) ~[spring-data-commons-2.6.0.jar:2.6.0]
	at org.springframework.data.repository.core.support.RepositoryComposition$RepositoryFragments.invoke(RepositoryComposition.java:529) ~[spring-data-commons-2.6.0.jar:2.6.0]
	at org.springframework.data.repository.core.support.RepositoryComposition.invoke(RepositoryComposition.java:285) ~[spring-data-commons-2.6.0.jar:2.6.0]
	at org.springframework.data.repository.core.support.RepositoryFactorySupport$ImplementationMethodExecutionInterceptor.invoke(RepositoryFactorySupport.java:638) ~[spring-data-commons-2.6.0.jar:2.6.0]
	at org.springframework.aop.framework.ReflectiveMethodInvocation.proceed(ReflectiveMethodInvocation.java:186) ~[spring-aop-5.3.13.jar:5.3.13]
	at org.springframework.data.repository.core.support.QueryExecutorMethodInterceptor.doInvoke(QueryExecutorMethodInterceptor.java:163) ~[spring-data-commons-2.6.0.jar:2.6.0]
	at org.springframework.data.repository.core.support.QueryExecutorMethodInterceptor.invoke(QueryExecutorMethodInterceptor.java:138) ~[spring-data-commons-2.6.0.jar:2.6.0]
	at org.springframework.aop.framework.ReflectiveMethodInvocation.proceed(ReflectiveMethodInvocation.java:186) ~[spring-aop-5.3.13.jar:5.3.13]
	at org.springframework.data.projection.DefaultMethodInvokingMethodInterceptor.invoke(DefaultMethodInvokingMethodInterceptor.java:80) ~[spring-data-commons-2.6.0.jar:2.6.0]
	at org.springframework.aop.framework.ReflectiveMethodInvocation.proceed(ReflectiveMethodInvocation.java:186) ~[spring-aop-5.3.13.jar:5.3.13]
	at org.springframework.transaction.interceptor.TransactionInterceptor$1.proceedWithInvocation(TransactionInterceptor.java:123) ~[spring-tx-5.3.13.jar:5.3.13]
	at org.springframework.transaction.interceptor.TransactionAspectSupport.invokeWithinTransaction(TransactionAspectSupport.java:388) ~[spring-tx-5.3.13.jar:5.3.13]
	at org.springframework.transaction.interceptor.TransactionInterceptor.invoke(TransactionInterceptor.java:119) ~[spring-tx-5.3.13.jar:5.3.13]
	at org.springframework.aop.framework.ReflectiveMethodInvocation.proceed(ReflectiveMethodInvocation.java:186) ~[spring-aop-5.3.13.jar:5.3.13]
	at org.springframework.dao.support.PersistenceExceptionTranslationInterceptor.invoke(PersistenceExceptionTranslationInterceptor.java:137) ~[spring-tx-5.3.13.jar:5.3.13]
	at org.springframework.aop.framework.ReflectiveMethodInvocation.proceed(ReflectiveMethodInvocation.java:186) ~[spring-aop-5.3.13.jar:5.3.13]
	at org.springframework.data.jpa.repository.support.CrudMethodMetadataPostProcessor$CrudMethodMetadataPopulatingMethodInterceptor.invoke(CrudMethodMetadataPostProcessor.java:174) ~[spring-data-jpa-2.6.0.jar:2.6.0]
	at org.springframework.aop.framework.ReflectiveMethodInvocation.proceed(ReflectiveMethodInvocation.java:186) ~[spring-aop-5.3.13.jar:5.3.13]
	at org.springframework.aop.interceptor.ExposeInvocationInterceptor.invoke(ExposeInvocationInterceptor.java:97) ~[spring-aop-5.3.13.jar:5.3.13]
	at org.springframework.aop.framework.ReflectiveMethodInvocation.proceed(ReflectiveMethodInvocation.java:186) ~[spring-aop-5.3.13.jar:5.3.13]
	at org.springframework.aop.framework.JdkDynamicAopProxy.invoke(JdkDynamicAopProxy.java:215) ~[spring-aop-5.3.13.jar:5.3.13]
	at jdk.proxy2/jdk.proxy2.$Proxy92.findAll(Unknown Source) ~[na:na]
	at com.rahulshettyacademy.controller.AllCourseDetailsController.GetCourses(AllCourseDetailsController.java:34) ~[classes/:na]
	at java.base/jdk.internal.reflect.DirectMethodHandleAccessor.invoke(DirectMethodHandleAccessor.java:103) ~[na:na]
	at java.base/java.lang.reflect.Method.invoke(Method.java:580) ~[na:na]
	at org.springframework.web.method.support.InvocableHandlerMethod.doInvoke(InvocableHandlerMethod.java:205) ~[spring-web-5.3.13.jar:5.3.13]
	at org.springframework.web.method.support.InvocableHandlerMethod.invokeForRequest(InvocableHandlerMethod.java:150) ~[spring-web-5.3.13.jar:5.3.13]
	at org.springframework.web.servlet.mvc.method.annotation.ServletInvocableHandlerMethod.invokeAndHandle(ServletInvocableHandlerMethod.java:117) ~[spring-webmvc-5.3.13.jar:5.3.13]
	at org.springframework.web.servlet.mvc.method.annotation.RequestMappingHandlerAdapter.invokeHandlerMethod(RequestMappingHandlerAdapter.java:895) ~[spring-webmvc-5.3.13.jar:5.3.13]
	at org.springframework.web.servlet.mvc.method.annotation.RequestMappingHandlerAdapter.handleInternal(RequestMappingHandlerAdapter.java:808) ~[spring-webmvc-5.3.13.jar:5.3.13]
	at org.springframework.web.servlet.mvc.method.AbstractHandlerMethodAdapter.handle(AbstractHandlerMethodAdapter.java:87) ~[spring-webmvc-5.3.13.jar:5.3.13]
	at org.springframework.web.servlet.DispatcherServlet.doDispatch(DispatcherServlet.java:1067) ~[spring-webmvc-5.3.13.jar:5.3.13]
	at org.springframework.web.servlet.DispatcherServlet.doService(DispatcherServlet.java:963) ~[spring-webmvc-5.3.13.jar:5.3.13]
	at org.springframework.web.servlet.FrameworkServlet.processRequest(FrameworkServlet.java:1006) ~[spring-webmvc-5.3.13.jar:5.3.13]
	at org.springframework.web.servlet.FrameworkServlet.doGet(FrameworkServlet.java:898) ~[spring-webmvc-5.3.13.jar:5.3.13]
	at javax.servlet.http.HttpServlet.service(HttpServlet.java:655) ~[tomcat-embed-core-9.0.55.jar:4.0.FR]
	at org.springframework.web.servlet.FrameworkServlet.service(FrameworkServlet.java:883) ~[spring-webmvc-5.3.13.jar:5.3.13]
	at javax.servlet.http.HttpServlet.service(HttpServlet.java:764) ~[tomcat-embed-core-9.0.55.jar:4.0.FR]
	at org.apache.catalina.core.ApplicationFilterChain.internalDoFilter(ApplicationFilterChain.java:227) ~[tomcat-embed-core-9.0.55.jar:9.0.55]
	at org.apache.catalina.core.ApplicationFilterChain.doFilter(ApplicationFilterChain.java:162) ~[tomcat-embed-core-9.0.55.jar:9.0.55]
	at org.apache.tomcat.websocket.server.WsFilter.doFilter(WsFilter.java:53) ~[tomcat-embed-websocket-9.0.55.jar:9.0.55]
	at org.apache.catalina.core.ApplicationFilterChain.internalDoFilter(ApplicationFilterChain.java:189) ~[tomcat-embed-core-9.0.55.jar:9.0.55]
	at org.apache.catalina.core.ApplicationFilterChain.doFilter(ApplicationFilterChain.java:162) ~[tomcat-embed-core-9.0.55.jar:9.0.55]
	at org.springframework.web.filter.RequestContextFilter.doFilterInternal(RequestContextFilter.java:100) ~[spring-web-5.3.13.jar:5.3.13]
	at org.springframework.web.filter.OncePerRequestFilter.doFilter(OncePerRequestFilter.java:119) ~[spring-web-5.3.13.jar:5.3.13]
	at org.apache.catalina.core.ApplicationFilterChain.internalDoFilter(ApplicationFilterChain.java:189) ~[tomcat-embed-core-9.0.55.jar:9.0.55]
	at org.apache.catalina.core.ApplicationFilterChain.doFilter(ApplicationFilterChain.java:162) ~[tomcat-embed-core-9.0.55.jar:9.0.55]
	at org.springframework.web.filter.FormContentFilter.doFilterInternal(FormContentFilter.java:93) ~[spring-web-5.3.13.jar:5.3.13]
	at org.springframework.web.filter.OncePerRequestFilter.doFilter(OncePerRequestFilter.java:119) ~[spring-web-5.3.13.jar:5.3.13]
	at org.apache.catalina.core.ApplicationFilterChain.internalDoFilter(ApplicationFilterChain.java:189) ~[tomcat-embed-core-9.0.55.jar:9.0.55]
	at org.apache.catalina.core.ApplicationFilterChain.doFilter(ApplicationFilterChain.java:162) ~[tomcat-embed-core-9.0.55.jar:9.0.55]
	at org.springframework.web.filter.CharacterEncodingFilter.doFilterInternal(CharacterEncodingFilter.java:201) ~[spring-web-5.3.13.jar:5.3.13]
	at org.springframework.web.filter.OncePerRequestFilter.doFilter(OncePerRequestFilter.java:119) ~[spring-web-5.3.13.jar:5.3.13]
	at org.apache.catalina.core.ApplicationFilterChain.internalDoFilter(ApplicationFilterChain.java:189) ~[tomcat-embed-core-9.0.55.jar:9.0.55]
	at org.apache.catalina.core.ApplicationFilterChain.doFilter(ApplicationFilterChain.java:162) ~[tomcat-embed-core-9.0.55.jar:9.0.55]
	at org.apache.catalina.core.StandardWrapperValve.invoke(StandardWrapperValve.java:197) ~[tomcat-embed-core-9.0.55.jar:9.0.55]
	at org.apache.catalina.core.StandardContextValve.invoke(StandardContextValve.java:97) ~[tomcat-embed-core-9.0.55.jar:9.0.55]
	at org.apache.catalina.authenticator.AuthenticatorBase.invoke(AuthenticatorBase.java:540) ~[tomcat-embed-core-9.0.55.jar:9.0.55]
	at org.apache.catalina.core.StandardHostValve.invoke(StandardHostValve.java:135) ~[tomcat-embed-core-9.0.55.jar:9.0.55]
	at org.apache.catalina.valves.ErrorReportValve.invoke(ErrorReportValve.java:92) ~[tomcat-embed-core-9.0.55.jar:9.0.55]
	at org.apache.catalina.core.StandardEngineValve.invoke(StandardEngineValve.java:78) ~[tomcat-embed-core-9.0.55.jar:9.0.55]
	at org.apache.catalina.connector.CoyoteAdapter.service(CoyoteAdapter.java:357) ~[tomcat-embed-core-9.0.55.jar:9.0.55]
	at org.apache.coyote.http11.Http11Processor.service(Http11Processor.java:382) ~[tomcat-embed-core-9.0.55.jar:9.0.55]
	at org.apache.coyote.AbstractProcessorLight.process(AbstractProcessorLight.java:65) ~[tomcat-embed-core-9.0.55.jar:9.0.55]
	at org.apache.coyote.AbstractProtocol$ConnectionHandler.process(AbstractProtocol.java:895) ~[tomcat-embed-core-9.0.55.jar:9.0.55]
	at org.apache.tomcat.util.net.NioEndpoint$SocketProcessor.doRun(NioEndpoint.java:1722) ~[tomcat-embed-core-9.0.55.jar:9.0.55]
	at org.apache.tomcat.util.net.SocketProcessorBase.run(SocketProcessorBase.java:49) ~[tomcat-embed-core-9.0.55.jar:9.0.55]
	at org.apache.tomcat.util.threads.ThreadPoolExecutor.runWorker(ThreadPoolExecutor.java:1191) ~[tomcat-embed-core-9.0.55.jar:9.0.55]
	at org.apache.tomcat.util.threads.ThreadPoolExecutor$Worker.run(ThreadPoolExecutor.java:659) ~[tomcat-embed-core-9.0.55.jar:9.0.55]
	at org.apache.tomcat.util.threads.TaskThread$WrappingRunnable.run(TaskThread.java:61) ~[tomcat-embed-core-9.0.55.jar:9.0.55]
	at java.base/java.lang.Thread.run(Thread.java:1570) ~[na:na]

2024-05-26 02:15:20.147  INFO 8164 --- [RMI TCP Connection(3)-127.0.0.1] inMXBeanRegistrar$SpringApplicationAdmin : Application shutdown requested.
2024-05-26 02:15:20.164  INFO 8164 --- [RMI TCP Connection(3)-127.0.0.1] j.LocalContainerEntityManagerFactoryBean : Closing JPA EntityManagerFactory for persistence unit 'default'
2024-05-26 02:15:20.167  INFO 8164 --- [RMI TCP Connection(3)-127.0.0.1] com.zaxxer.hikari.HikariDataSource       : HikariPool-1 - Shutdown initiated...
2024-05-26 02:15:20.187  INFO 8164 --- [RMI TCP Connection(3)-127.0.0.1] com.zaxxer.hikari.HikariDataSource       : HikariPool-1 - Shutdown completed.
2024-05-26 02:16:07.229  INFO 1208 --- [main] c.rahulshettyacademy.CoursesApplication  : Starting CoursesApplication using Java 22.0.1 on testpact with PID 1208 (C:\projects\Code+Projects\Code Projects\Courses\target\classes started by mkhapali in C:\projects\Code+Projects\Code Projects\Courses)
2024-05-26 02:16:07.233  INFO 1208 --- [main] c.rahulshettyacademy.CoursesApplication  : No active profile set, falling back to default profiles: default
2024-05-26 02:16:08.305  INFO 1208 --- [main] .s.d.r.c.RepositoryConfigurationDelegate : Bootstrapping Spring Data JPA repositories in DEFAULT mode.
2024-05-26 02:16:08.369  INFO 1208 --- [main] .s.d.r.c.RepositoryConfigurationDelegate : Finished Spring Data repository scanning in 51 ms. Found 1 JPA repository interfaces.
2024-05-26 02:16:08.916  INFO 1208 --- [main] o.s.b.w.embedded.tomcat.TomcatWebServer  : Tomcat initialized with port(s): 8181 (http)
2024-05-26 02:16:08.929  INFO 1208 --- [main] o.apache.catalina.core.StandardService   : Starting service [Tomcat]
2024-05-26 02:16:08.929  INFO 1208 --- [main] org.apache.catalina.core.StandardEngine  : Starting Servlet engine: [Apache Tomcat/9.0.55]
2024-05-26 02:16:09.210  INFO 1208 --- [main] o.a.c.c.C.[Tomcat].[localhost].[/]       : Initializing Spring embedded WebApplicationContext
2024-05-26 02:16:09.236  INFO 1208 --- [main] w.s.c.ServletWebServerApplicationContext : Root WebApplicationContext: initialization completed in 1614 ms
2024-05-26 02:16:09.473  INFO 1208 --- [main] o.hibernate.jpa.internal.util.LogHelper  : HHH000204: Processing PersistenceUnitInfo [name: default]
2024-05-26 02:16:09.536  INFO 1208 --- [main] org.hibernate.Version                    : HHH000412: Hibernate ORM core version 5.6.1.Final
2024-05-26 02:16:09.706  INFO 1208 --- [main] o.hibernate.annotations.common.Version   : HCANN000001: Hibernate Commons Annotations {5.1.2.Final}
2024-05-26 02:16:09.904  INFO 1208 --- [main] com.zaxxer.hikari.HikariDataSource       : HikariPool-1 - Starting...
2024-05-26 02:16:09.912  WARN 1208 --- [main] com.zaxxer.hikari.util.DriverDataSource  : Registered driver with driverClassName=com.mysql.jdbc.Driver was not found, trying direct instantiation.
2024-05-26 02:16:10.367  INFO 1208 --- [main] com.zaxxer.hikari.HikariDataSource       : HikariPool-1 - Start completed.
2024-05-26 02:16:10.394  INFO 1208 --- [main] org.hibernate.dialect.Dialect            : HHH000400: Using dialect: org.hibernate.dialect.MySQL5InnoDBDialect
2024-05-26 02:16:11.096  INFO 1208 --- [main] o.h.e.t.j.p.i.JtaPlatformInitiator       : HHH000490: Using JtaPlatform implementation: [org.hibernate.engine.transaction.jta.platform.internal.NoJtaPlatform]
2024-05-26 02:16:11.108  INFO 1208 --- [main] j.LocalContainerEntityManagerFactoryBean : Initialized JPA EntityManagerFactory for persistence unit 'default'
2024-05-26 02:16:11.457  WARN 1208 --- [main] JpaBaseConfiguration$JpaWebConfiguration : spring.jpa.open-in-view is enabled by default. Therefore, database queries may be performed during view rendering. Explicitly configure spring.jpa.open-in-view to disable this warning
2024-05-26 02:16:11.876  INFO 1208 --- [main] o.s.b.w.embedded.tomcat.TomcatWebServer  : Tomcat started on port(s): 8181 (http) with context path ''
2024-05-26 02:16:11.888  INFO 1208 --- [main] c.rahulshettyacademy.CoursesApplication  : Started CoursesApplication in 5.16 seconds (JVM running for 6.238)
2024-05-26 02:16:16.213  INFO 1208 --- [http-nio-8181-exec-2] o.a.c.c.C.[Tomcat].[localhost].[/]       : Initializing Spring DispatcherServlet 'dispatcherServlet'
2024-05-26 02:16:16.214  INFO 1208 --- [http-nio-8181-exec-2] o.s.web.servlet.DispatcherServlet        : Initializing Servlet 'dispatcherServlet'
2024-05-26 02:16:16.217  INFO 1208 --- [http-nio-8181-exec-2] o.s.web.servlet.DispatcherServlet        : Completed initialization in 3 ms
2024-05-26 02:16:22.109  INFO 1208 --- [RMI TCP Connection(2)-127.0.0.1] inMXBeanRegistrar$SpringApplicationAdmin : Application shutdown requested.
2024-05-26 02:16:22.122  INFO 1208 --- [RMI TCP Connection(2)-127.0.0.1] j.LocalContainerEntityManagerFactoryBean : Closing JPA EntityManagerFactory for persistence unit 'default'
2024-05-26 02:16:22.126  INFO 1208 --- [RMI TCP Connection(2)-127.0.0.1] com.zaxxer.hikari.HikariDataSource       : HikariPool-1 - Shutdown initiated...
2024-05-26 02:16:22.142  INFO 1208 --- [RMI TCP Connection(2)-127.0.0.1] com.zaxxer.hikari.HikariDataSource       : HikariPool-1 - Shutdown completed.
2024-05-26 02:19:55.458  INFO 7588 --- [main] c.r.Courses.PactProviderTestSecond       : Starting PactProviderTestSecond using Java 22.0.1 on testpact with PID 7588 (started by mkhapali in C:\projects\Code+Projects\Code Projects\Courses)
2024-05-26 02:19:55.459  INFO 7588 --- [main] c.r.Courses.PactProviderTestSecond       : No active profile set, falling back to default profiles: default
2024-05-26 02:19:57.314  INFO 7588 --- [main] .s.d.r.c.RepositoryConfigurationDelegate : Bootstrapping Spring Data JPA repositories in DEFAULT mode.
2024-05-26 02:19:57.437  INFO 7588 --- [main] .s.d.r.c.RepositoryConfigurationDelegate : Finished Spring Data repository scanning in 105 ms. Found 1 JPA repository interfaces.
2024-05-26 02:19:58.802  INFO 7588 --- [main] o.s.b.w.embedded.tomcat.TomcatWebServer  : Tomcat initialized with port(s): 0 (http)
2024-05-26 02:19:58.823  INFO 7588 --- [main] o.apache.catalina.core.StandardService   : Starting service [Tomcat]
2024-05-26 02:19:58.824  INFO 7588 --- [main] org.apache.catalina.core.StandardEngine  : Starting Servlet engine: [Apache Tomcat/9.0.55]
2024-05-26 02:19:59.117  INFO 7588 --- [main] o.a.c.c.C.[Tomcat].[localhost].[/]       : Initializing Spring embedded WebApplicationContext
2024-05-26 02:19:59.122  INFO 7588 --- [main] w.s.c.ServletWebServerApplicationContext : Root WebApplicationContext: initialization completed in 2910 ms
2024-05-26 02:19:59.674  INFO 7588 --- [main] o.hibernate.jpa.internal.util.LogHelper  : HHH000204: Processing PersistenceUnitInfo [name: default]
2024-05-26 02:19:59.798  INFO 7588 --- [main] org.hibernate.Version                    : HHH000412: Hibernate ORM core version 5.6.1.Final
2024-05-26 02:20:00.192  INFO 7588 --- [main] o.hibernate.annotations.common.Version   : HCANN000001: Hibernate Commons Annotations {5.1.2.Final}
2024-05-26 02:20:00.371  INFO 7588 --- [main] com.zaxxer.hikari.HikariDataSource       : HikariPool-1 - Starting...
2024-05-26 02:20:00.383  WARN 7588 --- [main] com.zaxxer.hikari.util.DriverDataSource  : Registered driver with driverClassName=com.mysql.jdbc.Driver was not found, trying direct instantiation.
2024-05-26 02:20:01.267  INFO 7588 --- [main] com.zaxxer.hikari.HikariDataSource       : HikariPool-1 - Start completed.
2024-05-26 02:20:01.303  INFO 7588 --- [main] org.hibernate.dialect.Dialect            : HHH000400: Using dialect: org.hibernate.dialect.MySQL5InnoDBDialect
2024-05-26 02:20:02.472  INFO 7588 --- [main] o.h.e.t.j.p.i.JtaPlatformInitiator       : HHH000490: Using JtaPlatform implementation: [org.hibernate.engine.transaction.jta.platform.internal.NoJtaPlatform]
2024-05-26 02:20:02.490  INFO 7588 --- [main] j.LocalContainerEntityManagerFactoryBean : Initialized JPA EntityManagerFactory for persistence unit 'default'
2024-05-26 02:20:03.517  WARN 7588 --- [main] JpaBaseConfiguration$JpaWebConfiguration : spring.jpa.open-in-view is enabled by default. Therefore, database queries may be performed during view rendering. Explicitly configure spring.jpa.open-in-view to disable this warning
2024-05-26 02:20:04.703  INFO 7588 --- [main] o.s.b.w.embedded.tomcat.TomcatWebServer  : Tomcat started on port(s): 51813 (http) with context path ''
2024-05-26 02:20:04.725  INFO 7588 --- [main] c.r.Courses.PactProviderTestSecond       : Started PactProviderTestSecond in 10.302 seconds (JVM running for 13.615)
2024-05-26 02:20:05.219  INFO 7588 --- [main] rificationStateChangeExtension$Companion : Invoking state change method 'Courses exist':SETUP
2024-05-26 02:20:05.513  WARN 7588 --- [Thread-2] au.com.dius.pact.core.support.Metrics    : 
            Please note: we are tracking events anonymously to gather important usage statistics like JVM version
            and operating system. To disable tracking, set the 'pact_do_not_track' system property or environment
            variable to 'true'.
            
2024-05-26 02:20:05.891  INFO 7588 --- [http-nio-auto-1-exec-1] o.a.c.c.C.[Tomcat].[localhost].[/]       : Initializing Spring DispatcherServlet 'dispatcherServlet'
2024-05-26 02:20:05.893  INFO 7588 --- [http-nio-auto-1-exec-1] o.s.web.servlet.DispatcherServlet        : Initializing Servlet 'dispatcherServlet'
2024-05-26 02:20:05.897  INFO 7588 --- [http-nio-auto-1-exec-1] o.s.web.servlet.DispatcherServlet        : Completed initialization in 4 ms
2024-05-26 02:20:06.181  WARN 7588 --- [main] a.c.d.p.p.DefaultTestResultAccumulator   : Skipping publishing of verification results as it has been disabled (pact.verifier.publishResults is not 'true')
2024-05-26 02:20:06.183  INFO 7588 --- [main] rificationStateChangeExtension$Companion : Invoking state change method 'Courses exist':TEARDOWN
2024-05-26 02:20:06.256  INFO 7588 --- [SpringApplicationShutdownHook] j.LocalContainerEntityManagerFactoryBean : Closing JPA EntityManagerFactory for persistence unit 'default'
2024-05-26 02:20:06.260  INFO 7588 --- [SpringApplicationShutdownHook] com.zaxxer.hikari.HikariDataSource       : HikariPool-1 - Shutdown initiated...
2024-05-26 02:20:06.276  INFO 7588 --- [SpringApplicationShutdownHook] com.zaxxer.hikari.HikariDataSource       : HikariPool-1 - Shutdown completed.
2024-05-26 02:22:03.453  INFO 4892 --- [main] c.rahulshettyacademy.CoursesApplication  : Starting CoursesApplication using Java 22.0.1 on testpact with PID 4892 (C:\projects\Code+Projects\Code Projects\Courses\target\classes started by mkhapali in C:\projects\Code+Projects\Code Projects\Courses)
2024-05-26 02:22:03.456  INFO 4892 --- [main] c.rahulshettyacademy.CoursesApplication  : No active profile set, falling back to default profiles: default
2024-05-26 02:22:04.664  INFO 4892 --- [main] .s.d.r.c.RepositoryConfigurationDelegate : Bootstrapping Spring Data JPA repositories in DEFAULT mode.
2024-05-26 02:22:04.725  INFO 4892 --- [main] .s.d.r.c.RepositoryConfigurationDelegate : Finished Spring Data repository scanning in 49 ms. Found 1 JPA repository interfaces.
2024-05-26 02:22:05.274  INFO 4892 --- [main] o.s.b.w.embedded.tomcat.TomcatWebServer  : Tomcat initialized with port(s): 8181 (http)
2024-05-26 02:22:05.287  INFO 4892 --- [main] o.apache.catalina.core.StandardService   : Starting service [Tomcat]
2024-05-26 02:22:05.287  INFO 4892 --- [main] org.apache.catalina.core.StandardEngine  : Starting Servlet engine: [Apache Tomcat/9.0.55]
2024-05-26 02:22:05.607  INFO 4892 --- [main] o.a.c.c.C.[Tomcat].[localhost].[/]       : Initializing Spring embedded WebApplicationContext
2024-05-26 02:22:05.608  INFO 4892 --- [main] w.s.c.ServletWebServerApplicationContext : Root WebApplicationContext: initialization completed in 1683 ms
2024-05-26 02:22:05.853  INFO 4892 --- [main] o.hibernate.jpa.internal.util.LogHelper  : HHH000204: Processing PersistenceUnitInfo [name: default]
2024-05-26 02:22:05.943  INFO 4892 --- [main] org.hibernate.Version                    : HHH000412: Hibernate ORM core version 5.6.1.Final
2024-05-26 02:22:06.129  INFO 4892 --- [main] o.hibernate.annotations.common.Version   : HCANN000001: Hibernate Commons Annotations {5.1.2.Final}
2024-05-26 02:22:06.321  INFO 4892 --- [main] com.zaxxer.hikari.HikariDataSource       : HikariPool-1 - Starting...
2024-05-26 02:22:06.328  WARN 4892 --- [main] com.zaxxer.hikari.util.DriverDataSource  : Registered driver with driverClassName=com.mysql.jdbc.Driver was not found, trying direct instantiation.
2024-05-26 02:22:06.839  INFO 4892 --- [main] com.zaxxer.hikari.HikariDataSource       : HikariPool-1 - Start completed.
2024-05-26 02:22:06.865  INFO 4892 --- [main] org.hibernate.dialect.Dialect            : HHH000400: Using dialect: org.hibernate.dialect.MySQL5InnoDBDialect
2024-05-26 02:22:07.597  INFO 4892 --- [main] o.h.e.t.j.p.i.JtaPlatformInitiator       : HHH000490: Using JtaPlatform implementation: [org.hibernate.engine.transaction.jta.platform.internal.NoJtaPlatform]
2024-05-26 02:22:07.609  INFO 4892 --- [main] j.LocalContainerEntityManagerFactoryBean : Initialized JPA EntityManagerFactory for persistence unit 'default'
2024-05-26 02:22:08.053  WARN 4892 --- [main] JpaBaseConfiguration$JpaWebConfiguration : spring.jpa.open-in-view is enabled by default. Therefore, database queries may be performed during view rendering. Explicitly configure spring.jpa.open-in-view to disable this warning
2024-05-26 02:22:08.482  INFO 4892 --- [main] o.s.b.w.embedded.tomcat.TomcatWebServer  : Tomcat started on port(s): 8181 (http) with context path ''
2024-05-26 02:22:08.493  INFO 4892 --- [main] c.rahulshettyacademy.CoursesApplication  : Started CoursesApplication in 5.743 seconds (JVM running for 6.775)
2024-05-26 02:22:12.204  INFO 4892 --- [http-nio-8181-exec-2] o.a.c.c.C.[Tomcat].[localhost].[/]       : Initializing Spring DispatcherServlet 'dispatcherServlet'
2024-05-26 02:22:12.204  INFO 4892 --- [http-nio-8181-exec-2] o.s.web.servlet.DispatcherServlet        : Initializing Servlet 'dispatcherServlet'
2024-05-26 02:22:12.206  INFO 4892 --- [http-nio-8181-exec-2] o.s.web.servlet.DispatcherServlet        : Completed initialization in 2 ms
2024-05-26 02:22:30.847  INFO 6652 --- [main] c.r.Courses.PactProviderTestSecond       : Starting PactProviderTestSecond using Java 22.0.1 on testpact with PID 6652 (started by mkhapali in C:\projects\Code+Projects\Code Projects\Courses)
2024-05-26 02:22:30.849  INFO 6652 --- [main] c.r.Courses.PactProviderTestSecond       : No active profile set, falling back to default profiles: default
2024-05-26 02:22:32.741  INFO 6652 --- [main] .s.d.r.c.RepositoryConfigurationDelegate : Bootstrapping Spring Data JPA repositories in DEFAULT mode.
2024-05-26 02:22:32.839  INFO 6652 --- [main] .s.d.r.c.RepositoryConfigurationDelegate : Finished Spring Data repository scanning in 84 ms. Found 1 JPA repository interfaces.
2024-05-26 02:22:34.260  INFO 6652 --- [main] o.s.b.w.embedded.tomcat.TomcatWebServer  : Tomcat initialized with port(s): 0 (http)
2024-05-26 02:22:34.277  INFO 6652 --- [main] o.apache.catalina.core.StandardService   : Starting service [Tomcat]
2024-05-26 02:22:34.279  INFO 6652 --- [main] org.apache.catalina.core.StandardEngine  : Starting Servlet engine: [Apache Tomcat/9.0.55]
2024-05-26 02:22:34.593  INFO 6652 --- [main] o.a.c.c.C.[Tomcat].[localhost].[/]       : Initializing Spring embedded WebApplicationContext
2024-05-26 02:22:34.605  INFO 6652 --- [main] w.s.c.ServletWebServerApplicationContext : Root WebApplicationContext: initialization completed in 3036 ms
2024-05-26 02:22:35.365  INFO 6652 --- [main] o.hibernate.jpa.internal.util.LogHelper  : HHH000204: Processing PersistenceUnitInfo [name: default]
2024-05-26 02:22:35.468  INFO 6652 --- [main] org.hibernate.Version                    : HHH000412: Hibernate ORM core version 5.6.1.Final
2024-05-26 02:22:36.389  INFO 6652 --- [main] o.hibernate.annotations.common.Version   : HCANN000001: Hibernate Commons Annotations {5.1.2.Final}
2024-05-26 02:22:37.094  INFO 6652 --- [main] com.zaxxer.hikari.HikariDataSource       : HikariPool-1 - Starting...
2024-05-26 02:22:37.106  WARN 6652 --- [main] com.zaxxer.hikari.util.DriverDataSource  : Registered driver with driverClassName=com.mysql.jdbc.Driver was not found, trying direct instantiation.
2024-05-26 02:22:37.852  INFO 6652 --- [main] com.zaxxer.hikari.HikariDataSource       : HikariPool-1 - Start completed.
2024-05-26 02:22:37.882  INFO 6652 --- [main] org.hibernate.dialect.Dialect            : HHH000400: Using dialect: org.hibernate.dialect.MySQL5InnoDBDialect
2024-05-26 02:22:39.041  INFO 6652 --- [main] o.h.e.t.j.p.i.JtaPlatformInitiator       : HHH000490: Using JtaPlatform implementation: [org.hibernate.engine.transaction.jta.platform.internal.NoJtaPlatform]
2024-05-26 02:22:39.058  INFO 6652 --- [main] j.LocalContainerEntityManagerFactoryBean : Initialized JPA EntityManagerFactory for persistence unit 'default'
2024-05-26 02:22:40.265  WARN 6652 --- [main] JpaBaseConfiguration$JpaWebConfiguration : spring.jpa.open-in-view is enabled by default. Therefore, database queries may be performed during view rendering. Explicitly configure spring.jpa.open-in-view to disable this warning
2024-05-26 02:22:42.160  INFO 6652 --- [main] o.s.b.w.embedded.tomcat.TomcatWebServer  : Tomcat started on port(s): 51883 (http) with context path ''
2024-05-26 02:22:42.184  INFO 6652 --- [main] c.r.Courses.PactProviderTestSecond       : Started PactProviderTestSecond in 12.317 seconds (JVM running for 15.88)
2024-05-26 02:22:42.715  INFO 6652 --- [main] rificationStateChangeExtension$Companion : Invoking state change method 'Courses exist':SETUP
2024-05-26 02:22:42.986  WARN 6652 --- [Thread-2] au.com.dius.pact.core.support.Metrics    : 
            Please note: we are tracking events anonymously to gather important usage statistics like JVM version
            and operating system. To disable tracking, set the 'pact_do_not_track' system property or environment
            variable to 'true'.
            
2024-05-26 02:22:43.385  INFO 6652 --- [http-nio-auto-1-exec-1] o.a.c.c.C.[Tomcat].[localhost].[/]       : Initializing Spring DispatcherServlet 'dispatcherServlet'
2024-05-26 02:22:43.386  INFO 6652 --- [http-nio-auto-1-exec-1] o.s.web.servlet.DispatcherServlet        : Initializing Servlet 'dispatcherServlet'
2024-05-26 02:22:43.399  INFO 6652 --- [http-nio-auto-1-exec-1] o.s.web.servlet.DispatcherServlet        : Completed initialization in 13 ms
2024-05-26 02:22:43.970  WARN 6652 --- [main] a.c.d.p.p.DefaultTestResultAccumulator   : Skipping publishing of verification results as it has been disabled (pact.verifier.publishResults is not 'true')
2024-05-26 02:22:43.972  INFO 6652 --- [main] rificationStateChangeExtension$Companion : Invoking state change method 'Courses exist':TEARDOWN
2024-05-26 02:22:44.103  INFO 6652 --- [SpringApplicationShutdownHook] j.LocalContainerEntityManagerFactoryBean : Closing JPA EntityManagerFactory for persistence unit 'default'
2024-05-26 02:22:44.110  INFO 6652 --- [SpringApplicationShutdownHook] com.zaxxer.hikari.HikariDataSource       : HikariPool-1 - Shutdown initiated...
2024-05-26 02:22:44.129  INFO 6652 --- [SpringApplicationShutdownHook] com.zaxxer.hikari.HikariDataSource       : HikariPool-1 - Shutdown completed.
2024-05-26 02:25:48.919  WARN 4892 --- [http-nio-8181-exec-5] o.h.engine.jdbc.spi.SqlExceptionHelper   : SQL Error: 1054, SQLState: 42S22
2024-05-26 02:25:48.919 ERROR 4892 --- [http-nio-8181-exec-5] o.h.engine.jdbc.spi.SqlExceptionHelper   : Unknown column 'allcoursed0_.cost' in 'field list'
2024-05-26 02:25:48.939 ERROR 4892 --- [http-nio-8181-exec-5] o.a.c.c.C.[.[.[/].[dispatcherServlet]    : Servlet.service() for servlet [dispatcherServlet] in context with path [] threw exception [Request processing failed; nested exception is org.springframework.dao.InvalidDataAccessResourceUsageException: could not extract ResultSet; SQL [n/a]; nested exception is org.hibernate.exception.SQLGrammarException: could not extract ResultSet] with root cause

java.sql.SQLSyntaxErrorException: Unknown column 'allcoursed0_.cost' in 'field list'
	at com.mysql.cj.jdbc.exceptions.SQLError.createSQLException(SQLError.java:120) ~[mysql-connector-java-8.0.19.jar:8.0.19]
	at com.mysql.cj.jdbc.exceptions.SQLError.createSQLException(SQLError.java:97) ~[mysql-connector-java-8.0.19.jar:8.0.19]
	at com.mysql.cj.jdbc.exceptions.SQLExceptionsMapping.translateException(SQLExceptionsMapping.java:122) ~[mysql-connector-java-8.0.19.jar:8.0.19]
	at com.mysql.cj.jdbc.ClientPreparedStatement.executeInternal(ClientPreparedStatement.java:953) ~[mysql-connector-java-8.0.19.jar:8.0.19]
	at com.mysql.cj.jdbc.ClientPreparedStatement.executeQuery(ClientPreparedStatement.java:1003) ~[mysql-connector-java-8.0.19.jar:8.0.19]
	at com.zaxxer.hikari.pool.ProxyPreparedStatement.executeQuery(ProxyPreparedStatement.java:52) ~[HikariCP-4.0.3.jar:na]
	at com.zaxxer.hikari.pool.HikariProxyPreparedStatement.executeQuery(HikariProxyPreparedStatement.java) ~[HikariCP-4.0.3.jar:na]
	at org.hibernate.engine.jdbc.internal.ResultSetReturnImpl.extract(ResultSetReturnImpl.java:57) ~[hibernate-core-5.6.1.Final.jar:5.6.1.Final]
	at org.hibernate.loader.Loader.getResultSet(Loader.java:2322) ~[hibernate-core-5.6.1.Final.jar:5.6.1.Final]
	at org.hibernate.loader.Loader.executeQueryStatement(Loader.java:2075) ~[hibernate-core-5.6.1.Final.jar:5.6.1.Final]
	at org.hibernate.loader.Loader.executeQueryStatement(Loader.java:2037) ~[hibernate-core-5.6.1.Final.jar:5.6.1.Final]
	at org.hibernate.loader.Loader.doQuery(Loader.java:956) ~[hibernate-core-5.6.1.Final.jar:5.6.1.Final]
	at org.hibernate.loader.Loader.doQueryAndInitializeNonLazyCollections(Loader.java:357) ~[hibernate-core-5.6.1.Final.jar:5.6.1.Final]
	at org.hibernate.loader.Loader.doList(Loader.java:2868) ~[hibernate-core-5.6.1.Final.jar:5.6.1.Final]
	at org.hibernate.loader.Loader.doList(Loader.java:2850) ~[hibernate-core-5.6.1.Final.jar:5.6.1.Final]
	at org.hibernate.loader.Loader.listIgnoreQueryCache(Loader.java:2682) ~[hibernate-core-5.6.1.Final.jar:5.6.1.Final]
	at org.hibernate.loader.Loader.list(Loader.java:2677) ~[hibernate-core-5.6.1.Final.jar:5.6.1.Final]
	at org.hibernate.loader.hql.QueryLoader.list(QueryLoader.java:540) ~[hibernate-core-5.6.1.Final.jar:5.6.1.Final]
	at org.hibernate.hql.internal.ast.QueryTranslatorImpl.list(QueryTranslatorImpl.java:400) ~[hibernate-core-5.6.1.Final.jar:5.6.1.Final]
	at org.hibernate.engine.query.spi.HQLQueryPlan.performList(HQLQueryPlan.java:219) ~[hibernate-core-5.6.1.Final.jar:5.6.1.Final]
	at org.hibernate.internal.SessionImpl.list(SessionImpl.java:1468) ~[hibernate-core-5.6.1.Final.jar:5.6.1.Final]
	at org.hibernate.query.internal.AbstractProducedQuery.doList(AbstractProducedQuery.java:1649) ~[hibernate-core-5.6.1.Final.jar:5.6.1.Final]
	at org.hibernate.query.internal.AbstractProducedQuery.list(AbstractProducedQuery.java:1617) ~[hibernate-core-5.6.1.Final.jar:5.6.1.Final]
	at org.hibernate.query.Query.getResultList(Query.java:165) ~[hibernate-core-5.6.1.Final.jar:5.6.1.Final]
	at org.hibernate.query.criteria.internal.compile.CriteriaQueryTypeQueryAdapter.getResultList(CriteriaQueryTypeQueryAdapter.java:76) ~[hibernate-core-5.6.1.Final.jar:5.6.1.Final]
	at org.springframework.data.jpa.repository.support.SimpleJpaRepository.findAll(SimpleJpaRepository.java:399) ~[spring-data-jpa-2.6.0.jar:2.6.0]
	at org.springframework.data.jpa.repository.support.SimpleJpaRepository.findAll(SimpleJpaRepository.java:84) ~[spring-data-jpa-2.6.0.jar:2.6.0]
	at java.base/jdk.internal.reflect.DirectMethodHandleAccessor.invoke(DirectMethodHandleAccessor.java:103) ~[na:na]
	at java.base/java.lang.reflect.Method.invoke(Method.java:580) ~[na:na]
	at org.springframework.data.repository.core.support.RepositoryMethodInvoker$RepositoryFragmentMethodInvoker.lambda$new$0(RepositoryMethodInvoker.java:289) ~[spring-data-commons-2.6.0.jar:2.6.0]
	at org.springframework.data.repository.core.support.RepositoryMethodInvoker.doInvoke(RepositoryMethodInvoker.java:137) ~[spring-data-commons-2.6.0.jar:2.6.0]
	at org.springframework.data.repository.core.support.RepositoryMethodInvoker.invoke(RepositoryMethodInvoker.java:121) ~[spring-data-commons-2.6.0.jar:2.6.0]
	at org.springframework.data.repository.core.support.RepositoryComposition$RepositoryFragments.invoke(RepositoryComposition.java:529) ~[spring-data-commons-2.6.0.jar:2.6.0]
	at org.springframework.data.repository.core.support.RepositoryComposition.invoke(RepositoryComposition.java:285) ~[spring-data-commons-2.6.0.jar:2.6.0]
	at org.springframework.data.repository.core.support.RepositoryFactorySupport$ImplementationMethodExecutionInterceptor.invoke(RepositoryFactorySupport.java:638) ~[spring-data-commons-2.6.0.jar:2.6.0]
	at org.springframework.aop.framework.ReflectiveMethodInvocation.proceed(ReflectiveMethodInvocation.java:186) ~[spring-aop-5.3.13.jar:5.3.13]
	at org.springframework.data.repository.core.support.QueryExecutorMethodInterceptor.doInvoke(QueryExecutorMethodInterceptor.java:163) ~[spring-data-commons-2.6.0.jar:2.6.0]
	at org.springframework.data.repository.core.support.QueryExecutorMethodInterceptor.invoke(QueryExecutorMethodInterceptor.java:138) ~[spring-data-commons-2.6.0.jar:2.6.0]
	at org.springframework.aop.framework.ReflectiveMethodInvocation.proceed(ReflectiveMethodInvocation.java:186) ~[spring-aop-5.3.13.jar:5.3.13]
	at org.springframework.data.projection.DefaultMethodInvokingMethodInterceptor.invoke(DefaultMethodInvokingMethodInterceptor.java:80) ~[spring-data-commons-2.6.0.jar:2.6.0]
	at org.springframework.aop.framework.ReflectiveMethodInvocation.proceed(ReflectiveMethodInvocation.java:186) ~[spring-aop-5.3.13.jar:5.3.13]
	at org.springframework.transaction.interceptor.TransactionInterceptor$1.proceedWithInvocation(TransactionInterceptor.java:123) ~[spring-tx-5.3.13.jar:5.3.13]
	at org.springframework.transaction.interceptor.TransactionAspectSupport.invokeWithinTransaction(TransactionAspectSupport.java:388) ~[spring-tx-5.3.13.jar:5.3.13]
	at org.springframework.transaction.interceptor.TransactionInterceptor.invoke(TransactionInterceptor.java:119) ~[spring-tx-5.3.13.jar:5.3.13]
	at org.springframework.aop.framework.ReflectiveMethodInvocation.proceed(ReflectiveMethodInvocation.java:186) ~[spring-aop-5.3.13.jar:5.3.13]
	at org.springframework.dao.support.PersistenceExceptionTranslationInterceptor.invoke(PersistenceExceptionTranslationInterceptor.java:137) ~[spring-tx-5.3.13.jar:5.3.13]
	at org.springframework.aop.framework.ReflectiveMethodInvocation.proceed(ReflectiveMethodInvocation.java:186) ~[spring-aop-5.3.13.jar:5.3.13]
	at org.springframework.data.jpa.repository.support.CrudMethodMetadataPostProcessor$CrudMethodMetadataPopulatingMethodInterceptor.invoke(CrudMethodMetadataPostProcessor.java:174) ~[spring-data-jpa-2.6.0.jar:2.6.0]
	at org.springframework.aop.framework.ReflectiveMethodInvocation.proceed(ReflectiveMethodInvocation.java:186) ~[spring-aop-5.3.13.jar:5.3.13]
	at org.springframework.aop.interceptor.ExposeInvocationInterceptor.invoke(ExposeInvocationInterceptor.java:97) ~[spring-aop-5.3.13.jar:5.3.13]
	at org.springframework.aop.framework.ReflectiveMethodInvocation.proceed(ReflectiveMethodInvocation.java:186) ~[spring-aop-5.3.13.jar:5.3.13]
	at org.springframework.aop.framework.JdkDynamicAopProxy.invoke(JdkDynamicAopProxy.java:215) ~[spring-aop-5.3.13.jar:5.3.13]
	at jdk.proxy2/jdk.proxy2.$Proxy92.findAll(Unknown Source) ~[na:na]
	at com.rahulshettyacademy.controller.AllCourseDetailsController.GetCourses(AllCourseDetailsController.java:34) ~[classes/:na]
	at java.base/jdk.internal.reflect.DirectMethodHandleAccessor.invoke(DirectMethodHandleAccessor.java:103) ~[na:na]
	at java.base/java.lang.reflect.Method.invoke(Method.java:580) ~[na:na]
	at org.springframework.web.method.support.InvocableHandlerMethod.doInvoke(InvocableHandlerMethod.java:205) ~[spring-web-5.3.13.jar:5.3.13]
	at org.springframework.web.method.support.InvocableHandlerMethod.invokeForRequest(InvocableHandlerMethod.java:150) ~[spring-web-5.3.13.jar:5.3.13]
	at org.springframework.web.servlet.mvc.method.annotation.ServletInvocableHandlerMethod.invokeAndHandle(ServletInvocableHandlerMethod.java:117) ~[spring-webmvc-5.3.13.jar:5.3.13]
	at org.springframework.web.servlet.mvc.method.annotation.RequestMappingHandlerAdapter.invokeHandlerMethod(RequestMappingHandlerAdapter.java:895) ~[spring-webmvc-5.3.13.jar:5.3.13]
	at org.springframework.web.servlet.mvc.method.annotation.RequestMappingHandlerAdapter.handleInternal(RequestMappingHandlerAdapter.java:808) ~[spring-webmvc-5.3.13.jar:5.3.13]
	at org.springframework.web.servlet.mvc.method.AbstractHandlerMethodAdapter.handle(AbstractHandlerMethodAdapter.java:87) ~[spring-webmvc-5.3.13.jar:5.3.13]
	at org.springframework.web.servlet.DispatcherServlet.doDispatch(DispatcherServlet.java:1067) ~[spring-webmvc-5.3.13.jar:5.3.13]
	at org.springframework.web.servlet.DispatcherServlet.doService(DispatcherServlet.java:963) ~[spring-webmvc-5.3.13.jar:5.3.13]
	at org.springframework.web.servlet.FrameworkServlet.processRequest(FrameworkServlet.java:1006) ~[spring-webmvc-5.3.13.jar:5.3.13]
	at org.springframework.web.servlet.FrameworkServlet.doGet(FrameworkServlet.java:898) ~[spring-webmvc-5.3.13.jar:5.3.13]
	at javax.servlet.http.HttpServlet.service(HttpServlet.java:655) ~[tomcat-embed-core-9.0.55.jar:4.0.FR]
	at org.springframework.web.servlet.FrameworkServlet.service(FrameworkServlet.java:883) ~[spring-webmvc-5.3.13.jar:5.3.13]
	at javax.servlet.http.HttpServlet.service(HttpServlet.java:764) ~[tomcat-embed-core-9.0.55.jar:4.0.FR]
	at org.apache.catalina.core.ApplicationFilterChain.internalDoFilter(ApplicationFilterChain.java:227) ~[tomcat-embed-core-9.0.55.jar:9.0.55]
	at org.apache.catalina.core.ApplicationFilterChain.doFilter(ApplicationFilterChain.java:162) ~[tomcat-embed-core-9.0.55.jar:9.0.55]
	at org.apache.tomcat.websocket.server.WsFilter.doFilter(WsFilter.java:53) ~[tomcat-embed-websocket-9.0.55.jar:9.0.55]
	at org.apache.catalina.core.ApplicationFilterChain.internalDoFilter(ApplicationFilterChain.java:189) ~[tomcat-embed-core-9.0.55.jar:9.0.55]
	at org.apache.catalina.core.ApplicationFilterChain.doFilter(ApplicationFilterChain.java:162) ~[tomcat-embed-core-9.0.55.jar:9.0.55]
	at org.springframework.web.filter.RequestContextFilter.doFilterInternal(RequestContextFilter.java:100) ~[spring-web-5.3.13.jar:5.3.13]
	at org.springframework.web.filter.OncePerRequestFilter.doFilter(OncePerRequestFilter.java:119) ~[spring-web-5.3.13.jar:5.3.13]
	at org.apache.catalina.core.ApplicationFilterChain.internalDoFilter(ApplicationFilterChain.java:189) ~[tomcat-embed-core-9.0.55.jar:9.0.55]
	at org.apache.catalina.core.ApplicationFilterChain.doFilter(ApplicationFilterChain.java:162) ~[tomcat-embed-core-9.0.55.jar:9.0.55]
	at org.springframework.web.filter.FormContentFilter.doFilterInternal(FormContentFilter.java:93) ~[spring-web-5.3.13.jar:5.3.13]
	at org.springframework.web.filter.OncePerRequestFilter.doFilter(OncePerRequestFilter.java:119) ~[spring-web-5.3.13.jar:5.3.13]
	at org.apache.catalina.core.ApplicationFilterChain.internalDoFilter(ApplicationFilterChain.java:189) ~[tomcat-embed-core-9.0.55.jar:9.0.55]
	at org.apache.catalina.core.ApplicationFilterChain.doFilter(ApplicationFilterChain.java:162) ~[tomcat-embed-core-9.0.55.jar:9.0.55]
	at org.springframework.web.filter.CharacterEncodingFilter.doFilterInternal(CharacterEncodingFilter.java:201) ~[spring-web-5.3.13.jar:5.3.13]
	at org.springframework.web.filter.OncePerRequestFilter.doFilter(OncePerRequestFilter.java:119) ~[spring-web-5.3.13.jar:5.3.13]
	at org.apache.catalina.core.ApplicationFilterChain.internalDoFilter(ApplicationFilterChain.java:189) ~[tomcat-embed-core-9.0.55.jar:9.0.55]
	at org.apache.catalina.core.ApplicationFilterChain.doFilter(ApplicationFilterChain.java:162) ~[tomcat-embed-core-9.0.55.jar:9.0.55]
	at org.apache.catalina.core.StandardWrapperValve.invoke(StandardWrapperValve.java:197) ~[tomcat-embed-core-9.0.55.jar:9.0.55]
	at org.apache.catalina.core.StandardContextValve.invoke(StandardContextValve.java:97) ~[tomcat-embed-core-9.0.55.jar:9.0.55]
	at org.apache.catalina.authenticator.AuthenticatorBase.invoke(AuthenticatorBase.java:540) ~[tomcat-embed-core-9.0.55.jar:9.0.55]
	at org.apache.catalina.core.StandardHostValve.invoke(StandardHostValve.java:135) ~[tomcat-embed-core-9.0.55.jar:9.0.55]
	at org.apache.catalina.valves.ErrorReportValve.invoke(ErrorReportValve.java:92) ~[tomcat-embed-core-9.0.55.jar:9.0.55]
	at org.apache.catalina.core.StandardEngineValve.invoke(StandardEngineValve.java:78) ~[tomcat-embed-core-9.0.55.jar:9.0.55]
	at org.apache.catalina.connector.CoyoteAdapter.service(CoyoteAdapter.java:357) ~[tomcat-embed-core-9.0.55.jar:9.0.55]
	at org.apache.coyote.http11.Http11Processor.service(Http11Processor.java:382) ~[tomcat-embed-core-9.0.55.jar:9.0.55]
	at org.apache.coyote.AbstractProcessorLight.process(AbstractProcessorLight.java:65) ~[tomcat-embed-core-9.0.55.jar:9.0.55]
	at org.apache.coyote.AbstractProtocol$ConnectionHandler.process(AbstractProtocol.java:895) ~[tomcat-embed-core-9.0.55.jar:9.0.55]
	at org.apache.tomcat.util.net.NioEndpoint$SocketProcessor.doRun(NioEndpoint.java:1722) ~[tomcat-embed-core-9.0.55.jar:9.0.55]
	at org.apache.tomcat.util.net.SocketProcessorBase.run(SocketProcessorBase.java:49) ~[tomcat-embed-core-9.0.55.jar:9.0.55]
	at org.apache.tomcat.util.threads.ThreadPoolExecutor.runWorker(ThreadPoolExecutor.java:1191) ~[tomcat-embed-core-9.0.55.jar:9.0.55]
	at org.apache.tomcat.util.threads.ThreadPoolExecutor$Worker.run(ThreadPoolExecutor.java:659) ~[tomcat-embed-core-9.0.55.jar:9.0.55]
	at org.apache.tomcat.util.threads.TaskThread$WrappingRunnable.run(TaskThread.java:61) ~[tomcat-embed-core-9.0.55.jar:9.0.55]
	at java.base/java.lang.Thread.run(Thread.java:1570) ~[na:na]

2024-05-26 02:25:53.732  INFO 4892 --- [RMI TCP Connection(7)-127.0.0.1] inMXBeanRegistrar$SpringApplicationAdmin : Application shutdown requested.
2024-05-26 02:25:53.747  INFO 4892 --- [RMI TCP Connection(7)-127.0.0.1] j.LocalContainerEntityManagerFactoryBean : Closing JPA EntityManagerFactory for persistence unit 'default'
2024-05-26 02:25:53.751  INFO 4892 --- [RMI TCP Connection(7)-127.0.0.1] com.zaxxer.hikari.HikariDataSource       : HikariPool-1 - Shutdown initiated...
2024-05-26 02:25:53.766  INFO 4892 --- [RMI TCP Connection(7)-127.0.0.1] com.zaxxer.hikari.HikariDataSource       : HikariPool-1 - Shutdown completed.
2024-05-26 02:26:36.844  INFO 1532 --- [main] c.rahulshettyacademy.CoursesApplication  : Starting CoursesApplication using Java 22.0.1 on testpact with PID 1532 (C:\projects\Code+Projects\Code Projects\Courses\target\classes started by mkhapali in C:\projects\Code+Projects\Code Projects\Courses)
2024-05-26 02:26:36.847  INFO 1532 --- [main] c.rahulshettyacademy.CoursesApplication  : No active profile set, falling back to default profiles: default
2024-05-26 02:26:37.850  INFO 1532 --- [main] .s.d.r.c.RepositoryConfigurationDelegate : Bootstrapping Spring Data JPA repositories in DEFAULT mode.
2024-05-26 02:26:37.911  INFO 1532 --- [main] .s.d.r.c.RepositoryConfigurationDelegate : Finished Spring Data repository scanning in 49 ms. Found 1 JPA repository interfaces.
2024-05-26 02:26:38.476  INFO 1532 --- [main] o.s.b.w.embedded.tomcat.TomcatWebServer  : Tomcat initialized with port(s): 8181 (http)
2024-05-26 02:26:38.488  INFO 1532 --- [main] o.apache.catalina.core.StandardService   : Starting service [Tomcat]
2024-05-26 02:26:38.489  INFO 1532 --- [main] org.apache.catalina.core.StandardEngine  : Starting Servlet engine: [Apache Tomcat/9.0.55]
2024-05-26 02:26:38.675  INFO 1532 --- [main] o.a.c.c.C.[Tomcat].[localhost].[/]       : Initializing Spring embedded WebApplicationContext
2024-05-26 02:26:38.676  INFO 1532 --- [main] w.s.c.ServletWebServerApplicationContext : Root WebApplicationContext: initialization completed in 1500 ms
2024-05-26 02:26:38.909  INFO 1532 --- [main] o.hibernate.jpa.internal.util.LogHelper  : HHH000204: Processing PersistenceUnitInfo [name: default]
2024-05-26 02:26:38.974  INFO 1532 --- [main] org.hibernate.Version                    : HHH000412: Hibernate ORM core version 5.6.1.Final
2024-05-26 02:26:39.143  INFO 1532 --- [main] o.hibernate.annotations.common.Version   : HCANN000001: Hibernate Commons Annotations {5.1.2.Final}
2024-05-26 02:26:39.316  INFO 1532 --- [main] com.zaxxer.hikari.HikariDataSource       : HikariPool-1 - Starting...
2024-05-26 02:26:39.334  WARN 1532 --- [main] com.zaxxer.hikari.util.DriverDataSource  : Registered driver with driverClassName=com.mysql.jdbc.Driver was not found, trying direct instantiation.
2024-05-26 02:26:39.804  INFO 1532 --- [main] com.zaxxer.hikari.HikariDataSource       : HikariPool-1 - Start completed.
2024-05-26 02:26:39.829  INFO 1532 --- [main] org.hibernate.dialect.Dialect            : HHH000400: Using dialect: org.hibernate.dialect.MySQL5InnoDBDialect
2024-05-26 02:26:40.540  INFO 1532 --- [main] o.h.e.t.j.p.i.JtaPlatformInitiator       : HHH000490: Using JtaPlatform implementation: [org.hibernate.engine.transaction.jta.platform.internal.NoJtaPlatform]
2024-05-26 02:26:40.553  INFO 1532 --- [main] j.LocalContainerEntityManagerFactoryBean : Initialized JPA EntityManagerFactory for persistence unit 'default'
2024-05-26 02:26:40.895  WARN 1532 --- [main] JpaBaseConfiguration$JpaWebConfiguration : spring.jpa.open-in-view is enabled by default. Therefore, database queries may be performed during view rendering. Explicitly configure spring.jpa.open-in-view to disable this warning
2024-05-26 02:26:41.338  INFO 1532 --- [main] o.s.b.w.embedded.tomcat.TomcatWebServer  : Tomcat started on port(s): 8181 (http) with context path ''
2024-05-26 02:26:41.350  INFO 1532 --- [main] c.rahulshettyacademy.CoursesApplication  : Started CoursesApplication in 5.059 seconds (JVM running for 6.181)
2024-05-26 02:26:51.391  INFO 1532 --- [http-nio-8181-exec-2] o.a.c.c.C.[Tomcat].[localhost].[/]       : Initializing Spring DispatcherServlet 'dispatcherServlet'
2024-05-26 02:26:51.391  INFO 1532 --- [http-nio-8181-exec-2] o.s.web.servlet.DispatcherServlet        : Initializing Servlet 'dispatcherServlet'
2024-05-26 02:26:51.393  INFO 1532 --- [http-nio-8181-exec-2] o.s.web.servlet.DispatcherServlet        : Completed initialization in 2 ms
2024-05-26 02:39:12.005  INFO 1532 --- [RMI TCP Connection(16)-127.0.0.1] inMXBeanRegistrar$SpringApplicationAdmin : Application shutdown requested.
2024-05-26 02:39:12.020  INFO 1532 --- [RMI TCP Connection(16)-127.0.0.1] j.LocalContainerEntityManagerFactoryBean : Closing JPA EntityManagerFactory for persistence unit 'default'
2024-05-26 02:39:12.023  INFO 1532 --- [RMI TCP Connection(16)-127.0.0.1] com.zaxxer.hikari.HikariDataSource       : HikariPool-1 - Shutdown initiated...
2024-05-26 02:39:12.062  INFO 1532 --- [RMI TCP Connection(16)-127.0.0.1] com.zaxxer.hikari.HikariDataSource       : HikariPool-1 - Shutdown completed.
2024-05-26 02:41:30.877  INFO 5380 --- [main] c.rahulshettyacademy.CoursesApplication  : Starting CoursesApplication using Java 22.0.1 on testpact with PID 5380 (C:\projects\Code+Projects\Code Projects\Courses\target\classes started by mkhapali in C:\projects\Code+Projects\Code Projects\Courses)
2024-05-26 02:41:30.880  INFO 5380 --- [main] c.rahulshettyacademy.CoursesApplication  : No active profile set, falling back to default profiles: default
2024-05-26 02:41:31.990  INFO 5380 --- [main] .s.d.r.c.RepositoryConfigurationDelegate : Bootstrapping Spring Data JPA repositories in DEFAULT mode.
2024-05-26 02:41:32.067  INFO 5380 --- [main] .s.d.r.c.RepositoryConfigurationDelegate : Finished Spring Data repository scanning in 66 ms. Found 1 JPA repository interfaces.
2024-05-26 02:41:32.655  INFO 5380 --- [main] o.s.b.w.embedded.tomcat.TomcatWebServer  : Tomcat initialized with port(s): 8181 (http)
2024-05-26 02:41:32.668  INFO 5380 --- [main] o.apache.catalina.core.StandardService   : Starting service [Tomcat]
2024-05-26 02:41:32.669  INFO 5380 --- [main] org.apache.catalina.core.StandardEngine  : Starting Servlet engine: [Apache Tomcat/9.0.55]
2024-05-26 02:41:32.868  INFO 5380 --- [main] o.a.c.c.C.[Tomcat].[localhost].[/]       : Initializing Spring embedded WebApplicationContext
2024-05-26 02:41:32.868  INFO 5380 --- [main] w.s.c.ServletWebServerApplicationContext : Root WebApplicationContext: initialization completed in 1625 ms
2024-05-26 02:41:33.119  INFO 5380 --- [main] o.hibernate.jpa.internal.util.LogHelper  : HHH000204: Processing PersistenceUnitInfo [name: default]
2024-05-26 02:41:33.348  INFO 5380 --- [main] org.hibernate.Version                    : HHH000412: Hibernate ORM core version 5.6.1.Final
2024-05-26 02:41:33.580  INFO 5380 --- [main] o.hibernate.annotations.common.Version   : HCANN000001: Hibernate Commons Annotations {5.1.2.Final}
2024-05-26 02:41:33.759  INFO 5380 --- [main] com.zaxxer.hikari.HikariDataSource       : HikariPool-1 - Starting...
2024-05-26 02:41:33.766  WARN 5380 --- [main] com.zaxxer.hikari.util.DriverDataSource  : Registered driver with driverClassName=com.mysql.jdbc.Driver was not found, trying direct instantiation.
2024-05-26 02:41:34.243  INFO 5380 --- [main] com.zaxxer.hikari.HikariDataSource       : HikariPool-1 - Start completed.
2024-05-26 02:41:34.270  INFO 5380 --- [main] org.hibernate.dialect.Dialect            : HHH000400: Using dialect: org.hibernate.dialect.MySQL5InnoDBDialect
2024-05-26 02:41:36.155  INFO 5380 --- [main] o.h.e.t.j.p.i.JtaPlatformInitiator       : HHH000490: Using JtaPlatform implementation: [org.hibernate.engine.transaction.jta.platform.internal.NoJtaPlatform]
2024-05-26 02:41:36.168  INFO 5380 --- [main] j.LocalContainerEntityManagerFactoryBean : Initialized JPA EntityManagerFactory for persistence unit 'default'
2024-05-26 02:41:36.582  WARN 5380 --- [main] JpaBaseConfiguration$JpaWebConfiguration : spring.jpa.open-in-view is enabled by default. Therefore, database queries may be performed during view rendering. Explicitly configure spring.jpa.open-in-view to disable this warning
2024-05-26 02:41:37.396  INFO 5380 --- [main] o.s.b.w.embedded.tomcat.TomcatWebServer  : Tomcat started on port(s): 8181 (http) with context path ''
2024-05-26 02:41:37.408  INFO 5380 --- [main] c.rahulshettyacademy.CoursesApplication  : Started CoursesApplication in 7.075 seconds (JVM running for 8.404)
2024-05-26 02:41:58.970  INFO 5936 --- [main] c.r.Courses.PactProviderTestSecond       : Starting PactProviderTestSecond using Java 22.0.1 on testpact with PID 5936 (started by mkhapali in C:\projects\Code+Projects\Code Projects\Courses)
2024-05-26 02:41:58.972  INFO 5936 --- [main] c.r.Courses.PactProviderTestSecond       : No active profile set, falling back to default profiles: default
2024-05-26 02:42:00.804  INFO 5936 --- [main] .s.d.r.c.RepositoryConfigurationDelegate : Bootstrapping Spring Data JPA repositories in DEFAULT mode.
2024-05-26 02:42:00.923  INFO 5936 --- [main] .s.d.r.c.RepositoryConfigurationDelegate : Finished Spring Data repository scanning in 103 ms. Found 1 JPA repository interfaces.
2024-05-26 02:42:02.272  INFO 5936 --- [main] o.s.b.w.embedded.tomcat.TomcatWebServer  : Tomcat initialized with port(s): 0 (http)
2024-05-26 02:42:02.297  INFO 5936 --- [main] o.apache.catalina.core.StandardService   : Starting service [Tomcat]
2024-05-26 02:42:02.299  INFO 5936 --- [main] org.apache.catalina.core.StandardEngine  : Starting Servlet engine: [Apache Tomcat/9.0.55]
2024-05-26 02:42:02.630  INFO 5936 --- [main] o.a.c.c.C.[Tomcat].[localhost].[/]       : Initializing Spring embedded WebApplicationContext
2024-05-26 02:42:02.632  INFO 5936 --- [main] w.s.c.ServletWebServerApplicationContext : Root WebApplicationContext: initialization completed in 2942 ms
2024-05-26 02:42:03.180  INFO 5936 --- [main] o.hibernate.jpa.internal.util.LogHelper  : HHH000204: Processing PersistenceUnitInfo [name: default]
2024-05-26 02:42:03.288  INFO 5936 --- [main] org.hibernate.Version                    : HHH000412: Hibernate ORM core version 5.6.1.Final
2024-05-26 02:42:03.715  INFO 5936 --- [main] o.hibernate.annotations.common.Version   : HCANN000001: Hibernate Commons Annotations {5.1.2.Final}
2024-05-26 02:42:03.897  INFO 5936 --- [main] com.zaxxer.hikari.HikariDataSource       : HikariPool-1 - Starting...
2024-05-26 02:42:03.908  WARN 5936 --- [main] com.zaxxer.hikari.util.DriverDataSource  : Registered driver with driverClassName=com.mysql.jdbc.Driver was not found, trying direct instantiation.
2024-05-26 02:42:04.690  INFO 5936 --- [main] com.zaxxer.hikari.HikariDataSource       : HikariPool-1 - Start completed.
2024-05-26 02:42:04.719  INFO 5936 --- [main] org.hibernate.dialect.Dialect            : HHH000400: Using dialect: org.hibernate.dialect.MySQL5InnoDBDialect
2024-05-26 02:42:06.230  INFO 5936 --- [main] o.h.e.t.j.p.i.JtaPlatformInitiator       : HHH000490: Using JtaPlatform implementation: [org.hibernate.engine.transaction.jta.platform.internal.NoJtaPlatform]
2024-05-26 02:42:06.249  INFO 5936 --- [main] j.LocalContainerEntityManagerFactoryBean : Initialized JPA EntityManagerFactory for persistence unit 'default'
2024-05-26 02:42:07.516  WARN 5936 --- [main] JpaBaseConfiguration$JpaWebConfiguration : spring.jpa.open-in-view is enabled by default. Therefore, database queries may be performed during view rendering. Explicitly configure spring.jpa.open-in-view to disable this warning
2024-05-26 02:42:09.544  INFO 5936 --- [main] o.s.b.w.embedded.tomcat.TomcatWebServer  : Tomcat started on port(s): 52204 (http) with context path ''
2024-05-26 02:42:09.566  INFO 5936 --- [main] c.r.Courses.PactProviderTestSecond       : Started PactProviderTestSecond in 11.488 seconds (JVM running for 14.865)
2024-05-26 02:42:10.052  INFO 5936 --- [main] rificationStateChangeExtension$Companion : Invoking state change method 'Courses exist':SETUP
2024-05-26 02:42:10.500  WARN 5936 --- [Thread-2] au.com.dius.pact.core.support.Metrics    : 
            Please note: we are tracking events anonymously to gather important usage statistics like JVM version
            and operating system. To disable tracking, set the 'pact_do_not_track' system property or environment
            variable to 'true'.
            
2024-05-26 02:42:10.861  INFO 5936 --- [http-nio-auto-1-exec-1] o.a.c.c.C.[Tomcat].[localhost].[/]       : Initializing Spring DispatcherServlet 'dispatcherServlet'
2024-05-26 02:42:10.865  INFO 5936 --- [http-nio-auto-1-exec-1] o.s.web.servlet.DispatcherServlet        : Initializing Servlet 'dispatcherServlet'
2024-05-26 02:42:10.868  INFO 5936 --- [http-nio-auto-1-exec-1] o.s.web.servlet.DispatcherServlet        : Completed initialization in 3 ms
2024-05-26 02:42:11.157  WARN 5936 --- [main] a.c.d.p.p.DefaultTestResultAccumulator   : Skipping publishing of verification results as it has been disabled (pact.verifier.publishResults is not 'true')
2024-05-26 02:42:11.158  INFO 5936 --- [main] rificationStateChangeExtension$Companion : Invoking state change method 'Courses exist':TEARDOWN
2024-05-26 02:42:11.257  INFO 5936 --- [SpringApplicationShutdownHook] j.LocalContainerEntityManagerFactoryBean : Closing JPA EntityManagerFactory for persistence unit 'default'
2024-05-26 02:42:11.266  INFO 5936 --- [SpringApplicationShutdownHook] com.zaxxer.hikari.HikariDataSource       : HikariPool-1 - Shutdown initiated...
2024-05-26 02:42:11.308  INFO 5936 --- [SpringApplicationShutdownHook] com.zaxxer.hikari.HikariDataSource       : HikariPool-1 - Shutdown completed.
2024-05-26 02:42:49.541  INFO 5380 --- [RMI TCP Connection(6)-127.0.0.1] inMXBeanRegistrar$SpringApplicationAdmin : Application shutdown requested.
2024-05-26 02:42:49.555  INFO 5380 --- [RMI TCP Connection(6)-127.0.0.1] j.LocalContainerEntityManagerFactoryBean : Closing JPA EntityManagerFactory for persistence unit 'default'
2024-05-26 02:42:49.557  INFO 5380 --- [RMI TCP Connection(6)-127.0.0.1] com.zaxxer.hikari.HikariDataSource       : HikariPool-1 - Shutdown initiated...
2024-05-26 02:42:49.581  INFO 5380 --- [RMI TCP Connection(6)-127.0.0.1] com.zaxxer.hikari.HikariDataSource       : HikariPool-1 - Shutdown completed.
