2024-05-21 02:11:09.298  INFO 74724 --- [main] com.qaautomated.toys.FirstProvidesTest   : Starting FirstProvidesTest using Java 22.0.1 on testpact with PID 74724 (started by mkhapali in C:\Users\mkhapali\Downloads\Pact live Example\Courses)
2024-05-21 02:11:09.309  INFO 74724 --- [main] com.qaautomated.toys.FirstProvidesTest   : No active profile set, falling back to default profiles: default
2024-05-21 02:11:11.007  INFO 74724 --- [main] .s.d.r.c.RepositoryConfigurationDelegate : Bootstrapping Spring Data JPA repositories in DEFAULT mode.
2024-05-21 02:11:11.107  INFO 74724 --- [main] .s.d.r.c.RepositoryConfigurationDelegate : Finished Spring Data repository scanning in 83 ms. Found 1 JPA repository interfaces.
2024-05-21 02:11:12.524  INFO 74724 --- [main] o.s.b.w.embedded.tomcat.TomcatWebServer  : Tomcat initialized with port(s): 0 (http)
2024-05-21 02:11:12.546  INFO 74724 --- [main] o.apache.catalina.core.StandardService   : Starting service [Tomcat]
2024-05-21 02:11:12.547  INFO 74724 --- [main] org.apache.catalina.core.StandardEngine  : Starting Servlet engine: [Apache Tomcat/9.0.55]
2024-05-21 02:11:12.838  INFO 74724 --- [main] o.a.c.c.C.[Tomcat].[localhost].[/]       : Initializing Spring embedded WebApplicationContext
2024-05-21 02:11:12.839  INFO 74724 --- [main] w.s.c.ServletWebServerApplicationContext : Root WebApplicationContext: initialization completed in 3063 ms
2024-05-21 02:11:13.490  INFO 74724 --- [main] o.hibernate.jpa.internal.util.LogHelper  : HHH000204: Processing PersistenceUnitInfo [name: default]
2024-05-21 02:11:13.596  INFO 74724 --- [main] org.hibernate.Version                    : HHH000412: Hibernate ORM core version 5.6.1.Final
2024-05-21 02:11:13.937  INFO 74724 --- [main] o.hibernate.annotations.common.Version   : HCANN000001: Hibernate Commons Annotations {5.1.2.Final}
2024-05-21 02:11:14.118  INFO 74724 --- [main] com.zaxxer.hikari.HikariDataSource       : HikariPool-1 - Starting...
2024-05-21 02:11:14.130  WARN 74724 --- [main] com.zaxxer.hikari.util.DriverDataSource  : Registered driver with driverClassName=com.mysql.jdbc.Driver was not found, trying direct instantiation.
2024-05-21 02:11:14.744  INFO 74724 --- [main] com.zaxxer.hikari.HikariDataSource       : HikariPool-1 - Start completed.
2024-05-21 02:11:14.784  INFO 74724 --- [main] org.hibernate.dialect.Dialect            : HHH000400: Using dialect: org.hibernate.dialect.MySQL5InnoDBDialect
2024-05-21 02:11:16.152  INFO 74724 --- [main] o.h.e.t.j.p.i.JtaPlatformInitiator       : HHH000490: Using JtaPlatform implementation: [org.hibernate.engine.transaction.jta.platform.internal.NoJtaPlatform]
2024-05-21 02:11:16.164  INFO 74724 --- [main] j.LocalContainerEntityManagerFactoryBean : Initialized JPA EntityManagerFactory for persistence unit 'default'
2024-05-21 02:11:17.158  WARN 74724 --- [main] JpaBaseConfiguration$JpaWebConfiguration : spring.jpa.open-in-view is enabled by default. Therefore, database queries may be performed during view rendering. Explicitly configure spring.jpa.open-in-view to disable this warning
2024-05-21 02:11:18.256  INFO 74724 --- [main] o.s.b.w.embedded.tomcat.TomcatWebServer  : Tomcat started on port(s): 59863 (http) with context path ''
2024-05-21 02:11:18.275  INFO 74724 --- [main] com.qaautomated.toys.FirstProvidesTest   : Started FirstProvidesTest in 9.865 seconds (JVM running for 16.695)
2024-05-21 02:11:18.720  INFO 74724 --- [main] p.j.PactVerificationStateChangeExtension : Invoking state change method 'toy barbie exists':SETUP
2024-05-21 02:11:19.101  INFO 74724 --- [http-nio-auto-1-exec-1] o.a.c.c.C.[Tomcat].[localhost].[/]       : Initializing Spring DispatcherServlet 'dispatcherServlet'
2024-05-21 02:11:19.101  INFO 74724 --- [http-nio-auto-1-exec-1] o.s.web.servlet.DispatcherServlet        : Initializing Servlet 'dispatcherServlet'
2024-05-21 02:11:19.104  INFO 74724 --- [http-nio-auto-1-exec-1] o.s.web.servlet.DispatcherServlet        : Completed initialization in 3 ms
2024-05-21 02:11:19.374  WARN 74724 --- [main] a.c.d.p.p.DefaultTestResultAccumulator   : Not all of the 3 were verified. The following were missing:
2024-05-21 02:11:19.375  WARN 74724 --- [main] a.c.d.p.p.DefaultTestResultAccumulator   :     no details for toy gun
2024-05-21 02:11:19.376  WARN 74724 --- [main] a.c.d.p.p.DefaultTestResultAccumulator   :     Getting all toys details
2024-05-21 02:11:19.378  INFO 74724 --- [main] p.j.PactVerificationStateChangeExtension : Invoking state change method 'toy barbie exists':TEARDOWN
2024-05-21 02:11:19.406  INFO 74724 --- [main] p.j.PactVerificationStateChangeExtension : Invoking state change method 'toy gun does not exists':SETUP
2024-05-21 02:11:19.477  WARN 74724 --- [main] a.c.d.p.p.DefaultTestResultAccumulator   : Not all of the 3 were verified. The following were missing:
2024-05-21 02:11:19.477  WARN 74724 --- [main] a.c.d.p.p.DefaultTestResultAccumulator   :     Getting all toys details
2024-05-21 02:11:19.477  INFO 74724 --- [main] p.j.PactVerificationStateChangeExtension : Invoking state change method 'toy gun does not exists':TEARDOWN
2024-05-21 02:11:19.489  INFO 74724 --- [main] p.j.PactVerificationStateChangeExtension : Invoking state change method 'toys details':SETUP
2024-05-21 02:11:19.612  WARN 74724 --- [main] a.c.d.p.p.DefaultTestResultAccumulator   : Skipping publishing of verification results as it has been disabled (pact.verifier.publishResults is not 'true')
2024-05-21 02:11:19.613  INFO 74724 --- [main] p.j.PactVerificationStateChangeExtension : Invoking state change method 'toys details':TEARDOWN
2024-05-21 02:11:20.022  INFO 74724 --- [SpringApplicationShutdownHook] j.LocalContainerEntityManagerFactoryBean : Closing JPA EntityManagerFactory for persistence unit 'default'
2024-05-21 02:11:20.029  INFO 74724 --- [SpringApplicationShutdownHook] com.zaxxer.hikari.HikariDataSource       : HikariPool-1 - Shutdown initiated...
2024-05-21 02:11:20.046  INFO 74724 --- [SpringApplicationShutdownHook] com.zaxxer.hikari.HikariDataSource       : HikariPool-1 - Shutdown completed.
